2025-06-05 09:28:07 INFO  Logging konfiguriert: Konsole=WARN+, Datei=INFO+
2025-06-05 09:28:07 INFO  ---- Installierte Provider und ihre KeyStore-Algorithmen ----
2025-06-05 09:28:07 INFO  ** Provider: SUN
2025-06-05 09:28:07 INFO     KeyStore-Algorithmus: JKS
2025-06-05 09:28:07 INFO     KeyStore-Algorithmus: CaseExactJKS
2025-06-05 09:28:07 INFO     KeyStore-Algorithmus: PKCS12
2025-06-05 09:28:07 INFO     KeyStore-Algorithmus: DKS
2025-06-05 09:28:07 INFO  ** Provider: SunRsaSign
2025-06-05 09:28:07 INFO  ** Provider: SunEC
2025-06-05 09:28:07 INFO  ** Provider: SunJSSE
2025-06-05 09:28:07 INFO     KeyStore-Algorithmus: PKCS12
2025-06-05 09:28:07 INFO  ** Provider: SunJCE
2025-06-05 09:28:07 INFO     KeyStore-Algorithmus: JCEKS
2025-06-05 09:28:07 INFO  ** Provider: SunJGSS
2025-06-05 09:28:07 INFO  ** Provider: SunSASL
2025-06-05 09:28:07 INFO  ** Provider: XMLDSig
2025-06-05 09:28:07 INFO  ** Provider: SunPCSC
2025-06-05 09:28:07 INFO  ** Provider: JdkLDAP
2025-06-05 09:28:07 INFO  ** Provider: JdkSASL
2025-06-05 09:28:07 INFO  ** Provider: SunMSCAPI
2025-06-05 09:28:07 INFO     KeyStore-Algorithmus: Windows-ROOT-LOCALMACHINE
2025-06-05 09:28:07 INFO     KeyStore-Algorithmus: Windows-ROOT-CURRENTUSER
2025-06-05 09:28:07 INFO     KeyStore-Algorithmus: Windows-MY
2025-06-05 09:28:07 INFO     KeyStore-Algorithmus: Windows-MY-CURRENTUSER
2025-06-05 09:28:07 INFO     KeyStore-Algorithmus: Windows-MY-LOCALMACHINE
2025-06-05 09:28:07 INFO     KeyStore-Algorithmus: Windows-ROOT
2025-06-05 09:28:07 INFO  ** Provider: SunPKCS11
2025-06-05 09:28:07 INFO  ** Provider: SunPKCS11-USBToken
2025-06-05 09:28:07 INFO     KeyStore-Algorithmus: PKCS11
2025-06-05 09:28:07 INFO  ---------------------------------------------------------------
2025-06-05 09:28:19 INFO  Start Signatur der Dateien vom 05.06.2025
2025-06-05 09:28:19 ERROR Fehler mit Datei Fa_Rg_NC_Sovem_GENIST_92347_655287_LU   14494048_GENISTA SARL_L 5846 FENTANGE_20250512115434081029.pdf: 
java.nio.file.FileAlreadyExistsException: D:\Daten\_Temp\FACT\FACT_BACKUP\Fa_Rg_NC_Sovem_GENIST_92347_655287_LU   14494048_GENISTA SARL_L 5846 FENTANGE_20250512115434081029.pdf
	at java.base/sun.nio.fs.WindowsFileCopy.move(WindowsFileCopy.java:370) ~[?:?]
	at java.base/sun.nio.fs.WindowsFileSystemProvider.move(WindowsFileSystemProvider.java:291) ~[?:?]
	at java.base/java.nio.file.Files.move(Files.java:1431) ~[?:?]
	at pdfsigner.PdfSignerApp.processFilteredFiles(PdfSignerApp.java:206) [main/:?]
	at pdfsigner.PdfSignerApp.main(PdfSignerApp.java:126) [main/:?]
2025-06-05 09:28:19 ERROR Fehler mit Datei Fa_Rg_NC_Sovem_HOMEWO_92348_275080_LU   17454516_HOMEWORX SARL_L 1621 LUXEMBOURG_20250512115435835055.pdf: 
java.nio.file.FileAlreadyExistsException: D:\Daten\_Temp\FACT\FACT_BACKUP\Fa_Rg_NC_Sovem_HOMEWO_92348_275080_LU   17454516_HOMEWORX SARL_L 1621 LUXEMBOURG_20250512115435835055.pdf
	at java.base/sun.nio.fs.WindowsFileCopy.move(WindowsFileCopy.java:370) ~[?:?]
	at java.base/sun.nio.fs.WindowsFileSystemProvider.move(WindowsFileSystemProvider.java:291) ~[?:?]
	at java.base/java.nio.file.Files.move(Files.java:1431) ~[?:?]
	at pdfsigner.PdfSignerApp.processFilteredFiles(PdfSignerApp.java:206) [main/:?]
	at pdfsigner.PdfSignerApp.main(PdfSignerApp.java:126) [main/:?]
2025-06-05 09:28:19 ERROR Fehler mit Datei Fa_Rg_NC_Sovem_MIMMO_92349_520829_LU   19820603_MIMMO U ROCCO_L 1899 KOCKELSCHEUER_20250512115437593874.pdf: 
java.nio.file.FileAlreadyExistsException: D:\Daten\_Temp\FACT\FACT_BACKUP\Fa_Rg_NC_Sovem_MIMMO_92349_520829_LU   19820603_MIMMO U ROCCO_L 1899 KOCKELSCHEUER_20250512115437593874.pdf
	at java.base/sun.nio.fs.WindowsFileCopy.move(WindowsFileCopy.java:370) ~[?:?]
	at java.base/sun.nio.fs.WindowsFileSystemProvider.move(WindowsFileSystemProvider.java:291) ~[?:?]
	at java.base/java.nio.file.Files.move(Files.java:1431) ~[?:?]
	at pdfsigner.PdfSignerApp.processFilteredFiles(PdfSignerApp.java:206) [main/:?]
	at pdfsigner.PdfSignerApp.main(PdfSignerApp.java:126) [main/:?]
2025-06-05 09:28:19 ERROR Fehler mit Datei Fa_Rg_NC_Sovem_RENOVA_92350_625177_LU   28483636_RENOVATIOUN DOHEEM_L 1899 KOCKELSCHEUER_20250512115439358321.pdf: 
java.nio.file.FileAlreadyExistsException: D:\Daten\_Temp\FACT\FACT_BACKUP\Fa_Rg_NC_Sovem_RENOVA_92350_625177_LU   28483636_RENOVATIOUN DOHEEM_L 1899 KOCKELSCHEUER_20250512115439358321.pdf
	at java.base/sun.nio.fs.WindowsFileCopy.move(WindowsFileCopy.java:370) ~[?:?]
	at java.base/sun.nio.fs.WindowsFileSystemProvider.move(WindowsFileSystemProvider.java:291) ~[?:?]
	at java.base/java.nio.file.Files.move(Files.java:1431) ~[?:?]
	at pdfsigner.PdfSignerApp.processFilteredFiles(PdfSignerApp.java:206) [main/:?]
	at pdfsigner.PdfSignerApp.main(PdfSignerApp.java:126) [main/:?]
2025-06-05 09:28:19 ERROR Fehler mit Datei Fa_Rg_NC_Sovem_TEMA P_92351_697360_LU   25478769_TEMA PLUS SARL_L 3321 BERCHEM_20250512115441158208.pdf: 
java.nio.file.FileAlreadyExistsException: D:\Daten\_Temp\FACT\FACT_BACKUP\Fa_Rg_NC_Sovem_TEMA P_92351_697360_LU   25478769_TEMA PLUS SARL_L 3321 BERCHEM_20250512115441158208.pdf
	at java.base/sun.nio.fs.WindowsFileCopy.move(WindowsFileCopy.java:370) ~[?:?]
	at java.base/sun.nio.fs.WindowsFileSystemProvider.move(WindowsFileSystemProvider.java:291) ~[?:?]
	at java.base/java.nio.file.Files.move(Files.java:1431) ~[?:?]
	at pdfsigner.PdfSignerApp.processFilteredFiles(PdfSignerApp.java:206) [main/:?]
	at pdfsigner.PdfSignerApp.main(PdfSignerApp.java:126) [main/:?]
2025-06-05 09:28:20 WARN  Datei bereits signiert: D:\Daten\_Temp\FACT\FACT_BACKUP\Fa_Rg_Sovem_VATHER_66522_764932_LU_VATHERM SARL_L 3730 RUMELANGE_20250512115408042737[encrypted].pdf
2025-06-05 09:28:20 INFO  Erfolg: Fa_Rg_Sovem_VATHER_66522_764932_LU_VATHERM SARL_L 3730 RUMELANGE_20250512115408042737.pdf
2025-06-05 09:28:20 ERROR Fehler mit Datei Fa_Rg_Sovem_VATHER_66523_764932_LU_VATHERM SARL_L 3730 RUMELANGE_20250512115409863970.pdf: 
java.nio.file.FileAlreadyExistsException: D:\Daten\_Temp\FACT\FACT_BACKUP\Fa_Rg_Sovem_VATHER_66523_764932_LU_VATHERM SARL_L 3730 RUMELANGE_20250512115409863970.pdf
	at java.base/sun.nio.fs.WindowsFileCopy.move(WindowsFileCopy.java:370) ~[?:?]
	at java.base/sun.nio.fs.WindowsFileSystemProvider.move(WindowsFileSystemProvider.java:291) ~[?:?]
	at java.base/java.nio.file.Files.move(Files.java:1431) ~[?:?]
	at pdfsigner.PdfSignerApp.processFilteredFiles(PdfSignerApp.java:206) [main/:?]
	at pdfsigner.PdfSignerApp.main(PdfSignerApp.java:126) [main/:?]
2025-06-05 09:28:20 ERROR Fehler mit Datei Fa_Rg_Sovem_VATHER_66524_764932_LU_VATHERM SARL_L 3730 RUMELANGE_20250512115411669344.pdf: 
java.nio.file.FileAlreadyExistsException: D:\Daten\_Temp\FACT\FACT_BACKUP\Fa_Rg_Sovem_VATHER_66524_764932_LU_VATHERM SARL_L 3730 RUMELANGE_20250512115411669344.pdf
	at java.base/sun.nio.fs.WindowsFileCopy.move(WindowsFileCopy.java:370) ~[?:?]
	at java.base/sun.nio.fs.WindowsFileSystemProvider.move(WindowsFileSystemProvider.java:291) ~[?:?]
	at java.base/java.nio.file.Files.move(Files.java:1431) ~[?:?]
	at pdfsigner.PdfSignerApp.processFilteredFiles(PdfSignerApp.java:206) [main/:?]
	at pdfsigner.PdfSignerApp.main(PdfSignerApp.java:126) [main/:?]
2025-06-05 09:28:20 ERROR Fehler mit Datei Fa_Rg_Sovem_VEOLIA_66525_156829_LU   28157871_VEOLIA LUXEMBOURG SA_L 3378 LIVANGE_20250512115414905400.pdf: 
java.nio.file.FileAlreadyExistsException: D:\Daten\_Temp\FACT\FACT_BACKUP\Fa_Rg_Sovem_VEOLIA_66525_156829_LU   28157871_VEOLIA LUXEMBOURG SA_L 3378 LIVANGE_20250512115414905400.pdf
	at java.base/sun.nio.fs.WindowsFileCopy.move(WindowsFileCopy.java:370) ~[?:?]
	at java.base/sun.nio.fs.WindowsFileSystemProvider.move(WindowsFileSystemProvider.java:291) ~[?:?]
	at java.base/java.nio.file.Files.move(Files.java:1431) ~[?:?]
	at pdfsigner.PdfSignerApp.processFilteredFiles(PdfSignerApp.java:206) [main/:?]
	at pdfsigner.PdfSignerApp.main(PdfSignerApp.java:126) [main/:?]
2025-06-05 09:28:20 ERROR Fehler mit Datei Fa_Rg_Sovem_WEFA T_66526_806897_LU   31676514_WEFA TEC SARL_L 7738 COLMAR-BERG_20250512115416680128.pdf: 
java.nio.file.FileAlreadyExistsException: D:\Daten\_Temp\FACT\FACT_BACKUP\Fa_Rg_Sovem_WEFA T_66526_806897_LU   31676514_WEFA TEC SARL_L 7738 COLMAR-BERG_20250512115416680128.pdf
	at java.base/sun.nio.fs.WindowsFileCopy.move(WindowsFileCopy.java:370) ~[?:?]
	at java.base/sun.nio.fs.WindowsFileSystemProvider.move(WindowsFileSystemProvider.java:291) ~[?:?]
	at java.base/java.nio.file.Files.move(Files.java:1431) ~[?:?]
	at pdfsigner.PdfSignerApp.processFilteredFiles(PdfSignerApp.java:206) [main/:?]
	at pdfsigner.PdfSignerApp.main(PdfSignerApp.java:126) [main/:?]
2025-06-05 09:28:20 ERROR Fehler mit Datei Fa_Rg_Sovem_WEFA T_66527_806897_LU   31676514_WEFA TEC SARL_L 7738 COLMAR-BERG_20250512115418538028.pdf: 
java.nio.file.FileAlreadyExistsException: D:\Daten\_Temp\FACT\FACT_BACKUP\Fa_Rg_Sovem_WEFA T_66527_806897_LU   31676514_WEFA TEC SARL_L 7738 COLMAR-BERG_20250512115418538028.pdf
	at java.base/sun.nio.fs.WindowsFileCopy.move(WindowsFileCopy.java:370) ~[?:?]
	at java.base/sun.nio.fs.WindowsFileSystemProvider.move(WindowsFileSystemProvider.java:291) ~[?:?]
	at java.base/java.nio.file.Files.move(Files.java:1431) ~[?:?]
	at pdfsigner.PdfSignerApp.processFilteredFiles(PdfSignerApp.java:206) [main/:?]
	at pdfsigner.PdfSignerApp.main(PdfSignerApp.java:126) [main/:?]
2025-06-05 09:28:20 ERROR Fehler mit Datei Fa_Rg_Sovem_WISAG_66528_543201_LU   15913200_WISAG TECHNICAL SERVICE SARL_L 3895 FOETZ_20250512115420301305.pdf: 
java.nio.file.FileAlreadyExistsException: D:\Daten\_Temp\FACT\FACT_BACKUP\Fa_Rg_Sovem_WISAG_66528_543201_LU   15913200_WISAG TECHNICAL SERVICE SARL_L 3895 FOETZ_20250512115420301305.pdf
	at java.base/sun.nio.fs.WindowsFileCopy.move(WindowsFileCopy.java:370) ~[?:?]
	at java.base/sun.nio.fs.WindowsFileSystemProvider.move(WindowsFileSystemProvider.java:291) ~[?:?]
	at java.base/java.nio.file.Files.move(Files.java:1431) ~[?:?]
	at pdfsigner.PdfSignerApp.processFilteredFiles(PdfSignerApp.java:206) [main/:?]
	at pdfsigner.PdfSignerApp.main(PdfSignerApp.java:126) [main/:?]
2025-06-05 09:28:20 ERROR Fehler mit Datei Fa_Rg_Sovem_WISAG_66529_543201_LU   15913200_WISAG TECHNICAL SERVICE SARL_L 3895 FOETZ_20250512115422069148.pdf: 
java.nio.file.FileAlreadyExistsException: D:\Daten\_Temp\FACT\FACT_BACKUP\Fa_Rg_Sovem_WISAG_66529_543201_LU   15913200_WISAG TECHNICAL SERVICE SARL_L 3895 FOETZ_20250512115422069148.pdf
	at java.base/sun.nio.fs.WindowsFileCopy.move(WindowsFileCopy.java:370) ~[?:?]
	at java.base/sun.nio.fs.WindowsFileSystemProvider.move(WindowsFileSystemProvider.java:291) ~[?:?]
	at java.base/java.nio.file.Files.move(Files.java:1431) ~[?:?]
	at pdfsigner.PdfSignerApp.processFilteredFiles(PdfSignerApp.java:206) [main/:?]
	at pdfsigner.PdfSignerApp.main(PdfSignerApp.java:126) [main/:?]
2025-06-05 09:28:20 ERROR Fehler mit Datei Fa_Rg_Sovem_WISAG_66530_543201_LU   15913200_WISAG TECHNICAL SERVICE SARL_L 3895 FOETZ_20250512115423950361.pdf: 
java.nio.file.FileAlreadyExistsException: D:\Daten\_Temp\FACT\FACT_BACKUP\Fa_Rg_Sovem_WISAG_66530_543201_LU   15913200_WISAG TECHNICAL SERVICE SARL_L 3895 FOETZ_20250512115423950361.pdf
	at java.base/sun.nio.fs.WindowsFileCopy.move(WindowsFileCopy.java:370) ~[?:?]
	at java.base/sun.nio.fs.WindowsFileSystemProvider.move(WindowsFileSystemProvider.java:291) ~[?:?]
	at java.base/java.nio.file.Files.move(Files.java:1431) ~[?:?]
	at pdfsigner.PdfSignerApp.processFilteredFiles(PdfSignerApp.java:206) [main/:?]
	at pdfsigner.PdfSignerApp.main(PdfSignerApp.java:126) [main/:?]
2025-06-05 09:28:20 ERROR Fehler mit Datei Fa_Rg_Sovem_WISAG_66531_543201_LU   15913200_WISAG TECHNICAL SERVICE SARL_L 3895 FOETZ_20250512115425741702.pdf: 
java.nio.file.FileAlreadyExistsException: D:\Daten\_Temp\FACT\FACT_BACKUP\Fa_Rg_Sovem_WISAG_66531_543201_LU   15913200_WISAG TECHNICAL SERVICE SARL_L 3895 FOETZ_20250512115425741702.pdf
	at java.base/sun.nio.fs.WindowsFileCopy.move(WindowsFileCopy.java:370) ~[?:?]
	at java.base/sun.nio.fs.WindowsFileSystemProvider.move(WindowsFileSystemProvider.java:291) ~[?:?]
	at java.base/java.nio.file.Files.move(Files.java:1431) ~[?:?]
	at pdfsigner.PdfSignerApp.processFilteredFiles(PdfSignerApp.java:206) [main/:?]
	at pdfsigner.PdfSignerApp.main(PdfSignerApp.java:126) [main/:?]
2025-06-05 09:28:20 INFO  --- Zusammenfassung ---
2025-06-05 09:28:20 INFO  Gesicherte Dateien    : 1
2025-06-05 09:28:20 INFO  Erfolgreiche Signaturen: 1
2025-06-05 09:28:20 INFO  Fehlgeschlagene Vorgänge: 14
