2025-05-19 10:58:02 INFO  Logging konfiguriert: Konsole=WARN+, Datei=INFO+
2025-05-19 10:58:05 INFO  Start Signatur der Dateien vom 19.05.2025
2025-05-19 10:58:05 ERROR Fehler mit Datei Fa_Rg_Menova_BECHOU_2482_442420_BE 0894309316_MENUISERIE BECHOUX JULES SPRL_B 6690 VIELSALM_20250506161436445353.pdf: 
java.nio.file.FileAlreadyExistsException: D:\Daten\_Temp\FACT\FACT_BACKUP\Fa_Rg_Menova_BECHOU_2482_442420_BE 0894309316_MENUISERIE BECHOUX JULES SPRL_B 6690 VIELSALM_20250506161436445353.pdf
	at java.base/sun.nio.fs.WindowsFileCopy.move(WindowsFileCopy.java:370) ~[?:?]
	at java.base/sun.nio.fs.WindowsFileSystemProvider.move(WindowsFileSystemProvider.java:291) ~[?:?]
	at java.base/java.nio.file.Files.move(Files.java:1430) ~[?:?]
	at pdfsigner.PdfSignerApp.processFilteredFiles(PdfSignerApp.java:160) [main/:?]
	at pdfsigner.PdfSignerApp.main(PdfSignerApp.java:92) [main/:?]
2025-05-19 10:58:05 ERROR Fehler mit Datei Fa_Rg_Menova_BELGOP_2483_042307_BE 0452626447_BELGOPLAST SPRL_B 4400 FLEMALLE_20250506161439451193.pdf: 
java.nio.file.FileAlreadyExistsException: D:\Daten\_Temp\FACT\FACT_BACKUP\Fa_Rg_Menova_BELGOP_2483_042307_BE 0452626447_BELGOPLAST SPRL_B 4400 FLEMALLE_20250506161439451193.pdf
	at java.base/sun.nio.fs.WindowsFileCopy.move(WindowsFileCopy.java:370) ~[?:?]
	at java.base/sun.nio.fs.WindowsFileSystemProvider.move(WindowsFileSystemProvider.java:291) ~[?:?]
	at java.base/java.nio.file.Files.move(Files.java:1430) ~[?:?]
	at pdfsigner.PdfSignerApp.processFilteredFiles(PdfSignerApp.java:160) [main/:?]
	at pdfsigner.PdfSignerApp.main(PdfSignerApp.java:92) [main/:?]
2025-05-19 10:58:05 ERROR Fehler mit Datei Fa_Rg_Menova_BELMEC_2484_042568_BE 0423181207_BELMECO _ BIGMAT SA_B 1390 GREZ-DOICEAU_20250506161442347196.pdf: 
java.nio.file.FileAlreadyExistsException: D:\Daten\_Temp\FACT\FACT_BACKUP\Fa_Rg_Menova_BELMEC_2484_042568_BE 0423181207_BELMECO _ BIGMAT SA_B 1390 GREZ-DOICEAU_20250506161442347196.pdf
	at java.base/sun.nio.fs.WindowsFileCopy.move(WindowsFileCopy.java:370) ~[?:?]
	at java.base/sun.nio.fs.WindowsFileSystemProvider.move(WindowsFileSystemProvider.java:291) ~[?:?]
	at java.base/java.nio.file.Files.move(Files.java:1430) ~[?:?]
	at pdfsigner.PdfSignerApp.processFilteredFiles(PdfSignerApp.java:160) [main/:?]
	at pdfsigner.PdfSignerApp.main(PdfSignerApp.java:92) [main/:?]
2025-05-19 10:58:05 ERROR Fehler mit Datei Fa_Rg_Menova_BMDC_2485_137526_BE 0767665225_BMDC CHASSIS_B 4470 SAINT-GEORGES SUR MEUSE_20250506161445197193.pdf: 
java.nio.file.FileAlreadyExistsException: D:\Daten\_Temp\FACT\FACT_BACKUP\Fa_Rg_Menova_BMDC_2485_137526_BE 0767665225_BMDC CHASSIS_B 4470 SAINT-GEORGES SUR MEUSE_20250506161445197193.pdf
	at java.base/sun.nio.fs.WindowsFileCopy.move(WindowsFileCopy.java:370) ~[?:?]
	at java.base/sun.nio.fs.WindowsFileSystemProvider.move(WindowsFileSystemProvider.java:291) ~[?:?]
	at java.base/java.nio.file.Files.move(Files.java:1430) ~[?:?]
	at pdfsigner.PdfSignerApp.processFilteredFiles(PdfSignerApp.java:160) [main/:?]
	at pdfsigner.PdfSignerApp.main(PdfSignerApp.java:92) [main/:?]
2025-05-19 10:58:05 ERROR Fehler mit Datei Fa_Rg_Menova_BOLLAN_2486_056526_BE 0831595747_BOLLAND DIDIER U FILS SRL_B 4890 THIMISTER_20250506161448134755.pdf: 
java.nio.file.FileAlreadyExistsException: D:\Daten\_Temp\FACT\FACT_BACKUP\Fa_Rg_Menova_BOLLAN_2486_056526_BE 0831595747_BOLLAND DIDIER U FILS SRL_B 4890 THIMISTER_20250506161448134755.pdf
	at java.base/sun.nio.fs.WindowsFileCopy.move(WindowsFileCopy.java:370) ~[?:?]
	at java.base/sun.nio.fs.WindowsFileSystemProvider.move(WindowsFileSystemProvider.java:291) ~[?:?]
	at java.base/java.nio.file.Files.move(Files.java:1430) ~[?:?]
	at pdfsigner.PdfSignerApp.processFilteredFiles(PdfSignerApp.java:160) [main/:?]
	at pdfsigner.PdfSignerApp.main(PdfSignerApp.java:92) [main/:?]
2025-05-19 10:58:05 ERROR Fehler mit Datei Fa_Rg_Menova_BOULAN_2487_060267_BE 0862298326_MENUISERIE BOULANGER SPRL_B 4820 DISON_20250506161450972489.pdf: 
java.nio.file.FileAlreadyExistsException: D:\Daten\_Temp\FACT\FACT_BACKUP\Fa_Rg_Menova_BOULAN_2487_060267_BE 0862298326_MENUISERIE BOULANGER SPRL_B 4820 DISON_20250506161450972489.pdf
	at java.base/sun.nio.fs.WindowsFileCopy.move(WindowsFileCopy.java:370) ~[?:?]
	at java.base/sun.nio.fs.WindowsFileSystemProvider.move(WindowsFileSystemProvider.java:291) ~[?:?]
	at java.base/java.nio.file.Files.move(Files.java:1430) ~[?:?]
	at pdfsigner.PdfSignerApp.processFilteredFiles(PdfSignerApp.java:160) [main/:?]
	at pdfsigner.PdfSignerApp.main(PdfSignerApp.java:92) [main/:?]
2025-05-19 10:58:05 ERROR Fehler mit Datei Fa_Rg_Menova_BRIQUE_2488_711372_BE 0428937562_BRIQUETERIE D_ARLON_B 6700 ARLON_20250506161456791378.pdf: 
java.nio.file.FileAlreadyExistsException: D:\Daten\_Temp\FACT\FACT_BACKUP\Fa_Rg_Menova_BRIQUE_2488_711372_BE 0428937562_BRIQUETERIE D_ARLON_B 6700 ARLON_20250506161456791378.pdf
	at java.base/sun.nio.fs.WindowsFileCopy.move(WindowsFileCopy.java:370) ~[?:?]
	at java.base/sun.nio.fs.WindowsFileSystemProvider.move(WindowsFileSystemProvider.java:291) ~[?:?]
	at java.base/java.nio.file.Files.move(Files.java:1430) ~[?:?]
	at pdfsigner.PdfSignerApp.processFilteredFiles(PdfSignerApp.java:160) [main/:?]
	at pdfsigner.PdfSignerApp.main(PdfSignerApp.java:92) [main/:?]
2025-05-19 10:58:05 ERROR Fehler mit Datei Fa_Rg_Menova_BUTZEM_2489_064578_LU_BUTZEMILLEN_L 9085 ETTELBRUCK_20250506161506880132.pdf: 
java.nio.file.FileAlreadyExistsException: D:\Daten\_Temp\FACT\FACT_BACKUP\Fa_Rg_Menova_BUTZEM_2489_064578_LU_BUTZEMILLEN_L 9085 ETTELBRUCK_20250506161506880132.pdf
	at java.base/sun.nio.fs.WindowsFileCopy.move(WindowsFileCopy.java:370) ~[?:?]
	at java.base/sun.nio.fs.WindowsFileSystemProvider.move(WindowsFileSystemProvider.java:291) ~[?:?]
	at java.base/java.nio.file.Files.move(Files.java:1430) ~[?:?]
	at pdfsigner.PdfSignerApp.processFilteredFiles(PdfSignerApp.java:160) [main/:?]
	at pdfsigner.PdfSignerApp.main(PdfSignerApp.java:92) [main/:?]
2025-05-19 10:58:05 ERROR Fehler mit Datei Fa_Rg_Menova_CAMAC_2490_073236_BE 0715639769_CAMAC SPRL_B 4031 ANGLEUR_20250506161509815196.pdf: 
java.nio.file.FileAlreadyExistsException: D:\Daten\_Temp\FACT\FACT_BACKUP\Fa_Rg_Menova_CAMAC_2490_073236_BE 0715639769_CAMAC SPRL_B 4031 ANGLEUR_20250506161509815196.pdf
	at java.base/sun.nio.fs.WindowsFileCopy.move(WindowsFileCopy.java:370) ~[?:?]
	at java.base/sun.nio.fs.WindowsFileSystemProvider.move(WindowsFileSystemProvider.java:291) ~[?:?]
	at java.base/java.nio.file.Files.move(Files.java:1430) ~[?:?]
	at pdfsigner.PdfSignerApp.processFilteredFiles(PdfSignerApp.java:160) [main/:?]
	at pdfsigner.PdfSignerApp.main(PdfSignerApp.java:92) [main/:?]
2025-05-19 10:58:05 ERROR Fehler mit Datei Fa_Rg_Menova_CAREMI_2491_073156_BE 0402262265_CAREMISO SA _LAMBERMONT__B 4800 ENSIVAL_20250506161512759118.pdf: 
java.nio.file.FileAlreadyExistsException: D:\Daten\_Temp\FACT\FACT_BACKUP\Fa_Rg_Menova_CAREMI_2491_073156_BE 0402262265_CAREMISO SA _LAMBERMONT__B 4800 ENSIVAL_20250506161512759118.pdf
	at java.base/sun.nio.fs.WindowsFileCopy.move(WindowsFileCopy.java:370) ~[?:?]
	at java.base/sun.nio.fs.WindowsFileSystemProvider.move(WindowsFileSystemProvider.java:291) ~[?:?]
	at java.base/java.nio.file.Files.move(Files.java:1430) ~[?:?]
	at pdfsigner.PdfSignerApp.processFilteredFiles(PdfSignerApp.java:160) [main/:?]
	at pdfsigner.PdfSignerApp.main(PdfSignerApp.java:92) [main/:?]
2025-05-19 10:58:05 ERROR Fehler mit Datei Fa_Rg_Menova_CHINA_2492_082644_BE 0434978088_TOITURES U OSSATURES BOIS_B 6660 NADRIN_20250506161517206840.pdf: 
java.nio.file.FileAlreadyExistsException: D:\Daten\_Temp\FACT\FACT_BACKUP\Fa_Rg_Menova_CHINA_2492_082644_BE 0434978088_TOITURES U OSSATURES BOIS_B 6660 NADRIN_20250506161517206840.pdf
	at java.base/sun.nio.fs.WindowsFileCopy.move(WindowsFileCopy.java:370) ~[?:?]
	at java.base/sun.nio.fs.WindowsFileSystemProvider.move(WindowsFileSystemProvider.java:291) ~[?:?]
	at java.base/java.nio.file.Files.move(Files.java:1430) ~[?:?]
	at pdfsigner.PdfSignerApp.processFilteredFiles(PdfSignerApp.java:160) [main/:?]
	at pdfsigner.PdfSignerApp.main(PdfSignerApp.java:92) [main/:?]
2025-05-19 10:58:05 ERROR Fehler mit Datei Fa_Rg_Menova_CHINA_2493_082644_BE 0434978088_TOITURES U OSSATURES BOIS_B 6660 NADRIN_20250506161520095346.pdf: 
java.nio.file.FileAlreadyExistsException: D:\Daten\_Temp\FACT\FACT_BACKUP\Fa_Rg_Menova_CHINA_2493_082644_BE 0434978088_TOITURES U OSSATURES BOIS_B 6660 NADRIN_20250506161520095346.pdf
	at java.base/sun.nio.fs.WindowsFileCopy.move(WindowsFileCopy.java:370) ~[?:?]
	at java.base/sun.nio.fs.WindowsFileSystemProvider.move(WindowsFileSystemProvider.java:291) ~[?:?]
	at java.base/java.nio.file.Files.move(Files.java:1430) ~[?:?]
	at pdfsigner.PdfSignerApp.processFilteredFiles(PdfSignerApp.java:160) [main/:?]
	at pdfsigner.PdfSignerApp.main(PdfSignerApp.java:92) [main/:?]
2025-05-19 10:58:05 ERROR Fehler mit Datei Fa_Rg_Menova_CHINA_2494_082644_BE 0434978088_TOITURES U OSSATURES BOIS_B 6660 NADRIN_20250506161523079515.pdf: 
java.nio.file.FileAlreadyExistsException: D:\Daten\_Temp\FACT\FACT_BACKUP\Fa_Rg_Menova_CHINA_2494_082644_BE 0434978088_TOITURES U OSSATURES BOIS_B 6660 NADRIN_20250506161523079515.pdf
	at java.base/sun.nio.fs.WindowsFileCopy.move(WindowsFileCopy.java:370) ~[?:?]
	at java.base/sun.nio.fs.WindowsFileSystemProvider.move(WindowsFileSystemProvider.java:291) ~[?:?]
	at java.base/java.nio.file.Files.move(Files.java:1430) ~[?:?]
	at pdfsigner.PdfSignerApp.processFilteredFiles(PdfSignerApp.java:160) [main/:?]
	at pdfsigner.PdfSignerApp.main(PdfSignerApp.java:92) [main/:?]
2025-05-19 10:58:05 ERROR Fehler mit Datei Fa_Rg_Menova_CLOESE_2495_088395_BE 0832506062_CLOESEN JEAN-PIERRE SPRL_B 4342 HOGNOUL_20250506161526161771.pdf: 
java.nio.file.FileAlreadyExistsException: D:\Daten\_Temp\FACT\FACT_BACKUP\Fa_Rg_Menova_CLOESE_2495_088395_BE 0832506062_CLOESEN JEAN-PIERRE SPRL_B 4342 HOGNOUL_20250506161526161771.pdf
	at java.base/sun.nio.fs.WindowsFileCopy.move(WindowsFileCopy.java:370) ~[?:?]
	at java.base/sun.nio.fs.WindowsFileSystemProvider.move(WindowsFileSystemProvider.java:291) ~[?:?]
	at java.base/java.nio.file.Files.move(Files.java:1430) ~[?:?]
	at pdfsigner.PdfSignerApp.processFilteredFiles(PdfSignerApp.java:160) [main/:?]
	at pdfsigner.PdfSignerApp.main(PdfSignerApp.java:92) [main/:?]
2025-05-19 10:58:05 ERROR Fehler mit Datei Fa_Rg_Menova_COFIBA_2496_093233_BE 0727497525_COFIBAT TOITURES SRL_B 4690 GLONS_20250506161529190502.pdf: 
java.nio.file.FileAlreadyExistsException: D:\Daten\_Temp\FACT\FACT_BACKUP\Fa_Rg_Menova_COFIBA_2496_093233_BE 0727497525_COFIBAT TOITURES SRL_B 4690 GLONS_20250506161529190502.pdf
	at java.base/sun.nio.fs.WindowsFileCopy.move(WindowsFileCopy.java:370) ~[?:?]
	at java.base/sun.nio.fs.WindowsFileSystemProvider.move(WindowsFileSystemProvider.java:291) ~[?:?]
	at java.base/java.nio.file.Files.move(Files.java:1430) ~[?:?]
	at pdfsigner.PdfSignerApp.processFilteredFiles(PdfSignerApp.java:160) [main/:?]
	at pdfsigner.PdfSignerApp.main(PdfSignerApp.java:92) [main/:?]
2025-05-19 10:58:05 ERROR Fehler mit Datei Fa_Rg_Menova_COLLIG_2497_092663_BE 0404403886_COLLIGNON U FILS SPRL_B 4430 ANS_20250506161532143341.pdf: 
java.nio.file.FileAlreadyExistsException: D:\Daten\_Temp\FACT\FACT_BACKUP\Fa_Rg_Menova_COLLIG_2497_092663_BE 0404403886_COLLIGNON U FILS SPRL_B 4430 ANS_20250506161532143341.pdf
	at java.base/sun.nio.fs.WindowsFileCopy.move(WindowsFileCopy.java:370) ~[?:?]
	at java.base/sun.nio.fs.WindowsFileSystemProvider.move(WindowsFileSystemProvider.java:291) ~[?:?]
	at java.base/java.nio.file.Files.move(Files.java:1430) ~[?:?]
	at pdfsigner.PdfSignerApp.processFilteredFiles(PdfSignerApp.java:160) [main/:?]
	at pdfsigner.PdfSignerApp.main(PdfSignerApp.java:92) [main/:?]
2025-05-19 10:58:05 ERROR Fehler mit Datei Fa_Rg_Meurer_SOVEM_20154_674869_LU   13039409_SOVEM SARL_L 2453 LUXEMBOURG_20250506171900728269.pdf: 
java.nio.file.FileAlreadyExistsException: D:\Daten\_Temp\FACT\FACT_BACKUP\Fa_Rg_Meurer_SOVEM_20154_674869_LU   13039409_SOVEM SARL_L 2453 LUXEMBOURG_20250506171900728269.pdf
	at java.base/sun.nio.fs.WindowsFileCopy.move(WindowsFileCopy.java:370) ~[?:?]
	at java.base/sun.nio.fs.WindowsFileSystemProvider.move(WindowsFileSystemProvider.java:291) ~[?:?]
	at java.base/java.nio.file.Files.move(Files.java:1430) ~[?:?]
	at pdfsigner.PdfSignerApp.processFilteredFiles(PdfSignerApp.java:160) [main/:?]
	at pdfsigner.PdfSignerApp.main(PdfSignerApp.java:92) [main/:?]
2025-05-19 10:58:05 ERROR Fehler mit Datei Fa_Rg_Meurer_SOVEM_20155_674869_LU   13039409_SOVEM SARL_L 2453 LUXEMBOURG_20250506171903626130.pdf: 
java.nio.file.FileAlreadyExistsException: D:\Daten\_Temp\FACT\FACT_BACKUP\Fa_Rg_Meurer_SOVEM_20155_674869_LU   13039409_SOVEM SARL_L 2453 LUXEMBOURG_20250506171903626130.pdf
	at java.base/sun.nio.fs.WindowsFileCopy.move(WindowsFileCopy.java:370) ~[?:?]
	at java.base/sun.nio.fs.WindowsFileSystemProvider.move(WindowsFileSystemProvider.java:291) ~[?:?]
	at java.base/java.nio.file.Files.move(Files.java:1430) ~[?:?]
	at pdfsigner.PdfSignerApp.processFilteredFiles(PdfSignerApp.java:160) [main/:?]
	at pdfsigner.PdfSignerApp.main(PdfSignerApp.java:92) [main/:?]
2025-05-19 10:58:05 ERROR Fehler mit Datei Fa_Rg_Meurer_SOVEM_20156_674869_LU   13039409_SOVEM SARL_L 2453 LUXEMBOURG_20250506171906450148.pdf: 
java.nio.file.FileAlreadyExistsException: D:\Daten\_Temp\FACT\FACT_BACKUP\Fa_Rg_Meurer_SOVEM_20156_674869_LU   13039409_SOVEM SARL_L 2453 LUXEMBOURG_20250506171906450148.pdf
	at java.base/sun.nio.fs.WindowsFileCopy.move(WindowsFileCopy.java:370) ~[?:?]
	at java.base/sun.nio.fs.WindowsFileSystemProvider.move(WindowsFileSystemProvider.java:291) ~[?:?]
	at java.base/java.nio.file.Files.move(Files.java:1430) ~[?:?]
	at pdfsigner.PdfSignerApp.processFilteredFiles(PdfSignerApp.java:160) [main/:?]
	at pdfsigner.PdfSignerApp.main(PdfSignerApp.java:92) [main/:?]
2025-05-19 10:58:05 ERROR Fehler mit Datei Fa_Rg_Meurer_SOVEM_20157_674869_LU   13039409_SOVEM SARL_L 2453 LUXEMBOURG_20250506171909295764.pdf: 
java.nio.file.FileAlreadyExistsException: D:\Daten\_Temp\FACT\FACT_BACKUP\Fa_Rg_Meurer_SOVEM_20157_674869_LU   13039409_SOVEM SARL_L 2453 LUXEMBOURG_20250506171909295764.pdf
	at java.base/sun.nio.fs.WindowsFileCopy.move(WindowsFileCopy.java:370) ~[?:?]
	at java.base/sun.nio.fs.WindowsFileSystemProvider.move(WindowsFileSystemProvider.java:291) ~[?:?]
	at java.base/java.nio.file.Files.move(Files.java:1430) ~[?:?]
	at pdfsigner.PdfSignerApp.processFilteredFiles(PdfSignerApp.java:160) [main/:?]
	at pdfsigner.PdfSignerApp.main(PdfSignerApp.java:92) [main/:?]
2025-05-19 10:58:05 ERROR Fehler mit Datei Fa_Rg_Meurer_SOVEM_20158_674869_LU   13039409_SOVEM SARL_L 2453 LUXEMBOURG_20250506171912099266.pdf: 
java.nio.file.FileAlreadyExistsException: D:\Daten\_Temp\FACT\FACT_BACKUP\Fa_Rg_Meurer_SOVEM_20158_674869_LU   13039409_SOVEM SARL_L 2453 LUXEMBOURG_20250506171912099266.pdf
	at java.base/sun.nio.fs.WindowsFileCopy.move(WindowsFileCopy.java:370) ~[?:?]
	at java.base/sun.nio.fs.WindowsFileSystemProvider.move(WindowsFileSystemProvider.java:291) ~[?:?]
	at java.base/java.nio.file.Files.move(Files.java:1430) ~[?:?]
	at pdfsigner.PdfSignerApp.processFilteredFiles(PdfSignerApp.java:160) [main/:?]
	at pdfsigner.PdfSignerApp.main(PdfSignerApp.java:92) [main/:?]
2025-05-19 10:58:05 ERROR Fehler mit Datei Fa_Rg_Meurer_WIESEN_20330_812141_LU   12266422_WIESEN-PIRONT SUCCURSALE_L 9990 WEISWAMPACH_20250506172808232491.pdf: 
java.nio.file.FileAlreadyExistsException: D:\Daten\_Temp\FACT\FACT_BACKUP\Fa_Rg_Meurer_WIESEN_20330_812141_LU   12266422_WIESEN-PIRONT SUCCURSALE_L 9990 WEISWAMPACH_20250506172808232491.pdf
	at java.base/sun.nio.fs.WindowsFileCopy.move(WindowsFileCopy.java:370) ~[?:?]
	at java.base/sun.nio.fs.WindowsFileSystemProvider.move(WindowsFileSystemProvider.java:291) ~[?:?]
	at java.base/java.nio.file.Files.move(Files.java:1430) ~[?:?]
	at pdfsigner.PdfSignerApp.processFilteredFiles(PdfSignerApp.java:160) [main/:?]
	at pdfsigner.PdfSignerApp.main(PdfSignerApp.java:92) [main/:?]
2025-05-19 10:58:05 ERROR Fehler mit Datei Fa_Rg_Meurer_WIESEN_20331_812141_LU   12266422_WIESEN-PIRONT SUCCURSALE_L 9990 WEISWAMPACH_20250506172811207683.pdf: 
java.nio.file.FileAlreadyExistsException: D:\Daten\_Temp\FACT\FACT_BACKUP\Fa_Rg_Meurer_WIESEN_20331_812141_LU   12266422_WIESEN-PIRONT SUCCURSALE_L 9990 WEISWAMPACH_20250506172811207683.pdf
	at java.base/sun.nio.fs.WindowsFileCopy.move(WindowsFileCopy.java:370) ~[?:?]
	at java.base/sun.nio.fs.WindowsFileSystemProvider.move(WindowsFileSystemProvider.java:291) ~[?:?]
	at java.base/java.nio.file.Files.move(Files.java:1430) ~[?:?]
	at pdfsigner.PdfSignerApp.processFilteredFiles(PdfSignerApp.java:160) [main/:?]
	at pdfsigner.PdfSignerApp.main(PdfSignerApp.java:92) [main/:?]
2025-05-19 10:58:05 ERROR Fehler mit Datei Fa_Rg_Meurer_WIESEN_20332_812141_LU   12266422_WIESEN-PIRONT SUCCURSALE_L 9990 WEISWAMPACH_20250506172814312269.pdf: 
java.nio.file.FileAlreadyExistsException: D:\Daten\_Temp\FACT\FACT_BACKUP\Fa_Rg_Meurer_WIESEN_20332_812141_LU   12266422_WIESEN-PIRONT SUCCURSALE_L 9990 WEISWAMPACH_20250506172814312269.pdf
	at java.base/sun.nio.fs.WindowsFileCopy.move(WindowsFileCopy.java:370) ~[?:?]
	at java.base/sun.nio.fs.WindowsFileSystemProvider.move(WindowsFileSystemProvider.java:291) ~[?:?]
	at java.base/java.nio.file.Files.move(Files.java:1430) ~[?:?]
	at pdfsigner.PdfSignerApp.processFilteredFiles(PdfSignerApp.java:160) [main/:?]
	at pdfsigner.PdfSignerApp.main(PdfSignerApp.java:92) [main/:?]
2025-05-19 10:58:05 ERROR Fehler mit Datei Fa_Rg_Meurer_WIESEN_20333_812141_LU   12266422_WIESEN-PIRONT SUCCURSALE_L 9990 WEISWAMPACH_20250506172817147639.pdf: 
java.nio.file.FileAlreadyExistsException: D:\Daten\_Temp\FACT\FACT_BACKUP\Fa_Rg_Meurer_WIESEN_20333_812141_LU   12266422_WIESEN-PIRONT SUCCURSALE_L 9990 WEISWAMPACH_20250506172817147639.pdf
	at java.base/sun.nio.fs.WindowsFileCopy.move(WindowsFileCopy.java:370) ~[?:?]
	at java.base/sun.nio.fs.WindowsFileSystemProvider.move(WindowsFileSystemProvider.java:291) ~[?:?]
	at java.base/java.nio.file.Files.move(Files.java:1430) ~[?:?]
	at pdfsigner.PdfSignerApp.processFilteredFiles(PdfSignerApp.java:160) [main/:?]
	at pdfsigner.PdfSignerApp.main(PdfSignerApp.java:92) [main/:?]
2025-05-19 10:58:05 ERROR Fehler mit Datei Fa_Rg_Meurer_WINCON_20334_812444_BE 0729594111_WINCONCEPT SRL_B 4432 ALLEUR_20250506172820046968.pdf: 
java.nio.file.FileAlreadyExistsException: D:\Daten\_Temp\FACT\FACT_BACKUP\Fa_Rg_Meurer_WINCON_20334_812444_BE 0729594111_WINCONCEPT SRL_B 4432 ALLEUR_20250506172820046968.pdf
	at java.base/sun.nio.fs.WindowsFileCopy.move(WindowsFileCopy.java:370) ~[?:?]
	at java.base/sun.nio.fs.WindowsFileSystemProvider.move(WindowsFileSystemProvider.java:291) ~[?:?]
	at java.base/java.nio.file.Files.move(Files.java:1430) ~[?:?]
	at pdfsigner.PdfSignerApp.processFilteredFiles(PdfSignerApp.java:160) [main/:?]
	at pdfsigner.PdfSignerApp.main(PdfSignerApp.java:92) [main/:?]
2025-05-19 10:58:05 ERROR Fehler mit Datei Fa_Rg_Meurer_WINCON_20335_812444_BE 0729594111_WINCONCEPT SRL_B 4432 ALLEUR_20250506172822914252.pdf: 
java.nio.file.FileAlreadyExistsException: D:\Daten\_Temp\FACT\FACT_BACKUP\Fa_Rg_Meurer_WINCON_20335_812444_BE 0729594111_WINCONCEPT SRL_B 4432 ALLEUR_20250506172822914252.pdf
	at java.base/sun.nio.fs.WindowsFileCopy.move(WindowsFileCopy.java:370) ~[?:?]
	at java.base/sun.nio.fs.WindowsFileSystemProvider.move(WindowsFileSystemProvider.java:291) ~[?:?]
	at java.base/java.nio.file.Files.move(Files.java:1430) ~[?:?]
	at pdfsigner.PdfSignerApp.processFilteredFiles(PdfSignerApp.java:160) [main/:?]
	at pdfsigner.PdfSignerApp.main(PdfSignerApp.java:92) [main/:?]
2025-05-19 10:58:05 ERROR Fehler mit Datei Fa_Rg_Meurer_WINCON_20336_812444_BE 0729594111_WINCONCEPT SRL_B 4432 ALLEUR_20250506172825804470.pdf: 
java.nio.file.FileAlreadyExistsException: D:\Daten\_Temp\FACT\FACT_BACKUP\Fa_Rg_Meurer_WINCON_20336_812444_BE 0729594111_WINCONCEPT SRL_B 4432 ALLEUR_20250506172825804470.pdf
	at java.base/sun.nio.fs.WindowsFileCopy.move(WindowsFileCopy.java:370) ~[?:?]
	at java.base/sun.nio.fs.WindowsFileSystemProvider.move(WindowsFileSystemProvider.java:291) ~[?:?]
	at java.base/java.nio.file.Files.move(Files.java:1430) ~[?:?]
	at pdfsigner.PdfSignerApp.processFilteredFiles(PdfSignerApp.java:160) [main/:?]
	at pdfsigner.PdfSignerApp.main(PdfSignerApp.java:92) [main/:?]
2025-05-19 10:58:05 ERROR Fehler mit Datei Fa_Rg_Meurer_WINCON_20337_812444_BE 0729594111_WINCONCEPT SRL_B 4432 ALLEUR_20250506172831409196.pdf: 
java.nio.file.FileAlreadyExistsException: D:\Daten\_Temp\FACT\FACT_BACKUP\Fa_Rg_Meurer_WINCON_20337_812444_BE 0729594111_WINCONCEPT SRL_B 4432 ALLEUR_20250506172831409196.pdf
	at java.base/sun.nio.fs.WindowsFileCopy.move(WindowsFileCopy.java:370) ~[?:?]
	at java.base/sun.nio.fs.WindowsFileSystemProvider.move(WindowsFileSystemProvider.java:291) ~[?:?]
	at java.base/java.nio.file.Files.move(Files.java:1430) ~[?:?]
	at pdfsigner.PdfSignerApp.processFilteredFiles(PdfSignerApp.java:160) [main/:?]
	at pdfsigner.PdfSignerApp.main(PdfSignerApp.java:92) [main/:?]
2025-05-19 10:58:05 ERROR Fehler mit Datei Fa_Rg_Meurer_WINCON_20338_812444_BE 0729594111_WINCONCEPT SRL_B 4432 ALLEUR_20250506172834296942.pdf: 
java.nio.file.FileAlreadyExistsException: D:\Daten\_Temp\FACT\FACT_BACKUP\Fa_Rg_Meurer_WINCON_20338_812444_BE 0729594111_WINCONCEPT SRL_B 4432 ALLEUR_20250506172834296942.pdf
	at java.base/sun.nio.fs.WindowsFileCopy.move(WindowsFileCopy.java:370) ~[?:?]
	at java.base/sun.nio.fs.WindowsFileSystemProvider.move(WindowsFileSystemProvider.java:291) ~[?:?]
	at java.base/java.nio.file.Files.move(Files.java:1430) ~[?:?]
	at pdfsigner.PdfSignerApp.processFilteredFiles(PdfSignerApp.java:160) [main/:?]
	at pdfsigner.PdfSignerApp.main(PdfSignerApp.java:92) [main/:?]
2025-05-19 10:58:05 ERROR Fehler mit Datei Fa_Rg_Meurer_WINCON_20339_812444_BE 0729594111_WINCONCEPT SRL_B 4432 ALLEUR_20250506172837196415.pdf: 
java.nio.file.FileAlreadyExistsException: D:\Daten\_Temp\FACT\FACT_BACKUP\Fa_Rg_Meurer_WINCON_20339_812444_BE 0729594111_WINCONCEPT SRL_B 4432 ALLEUR_20250506172837196415.pdf
	at java.base/sun.nio.fs.WindowsFileCopy.move(WindowsFileCopy.java:370) ~[?:?]
	at java.base/sun.nio.fs.WindowsFileSystemProvider.move(WindowsFileSystemProvider.java:291) ~[?:?]
	at java.base/java.nio.file.Files.move(Files.java:1430) ~[?:?]
	at pdfsigner.PdfSignerApp.processFilteredFiles(PdfSignerApp.java:160) [main/:?]
	at pdfsigner.PdfSignerApp.main(PdfSignerApp.java:92) [main/:?]
2025-05-19 10:58:05 ERROR Fehler mit Datei Fa_Rg_NC_Sovem_GENIST_92347_655287_LU   14494048_GENISTA SARL_L 5846 FENTANGE_20250512115434081029.pdf: 
java.nio.file.FileAlreadyExistsException: D:\Daten\_Temp\FACT\FACT_BACKUP\Fa_Rg_NC_Sovem_GENIST_92347_655287_LU   14494048_GENISTA SARL_L 5846 FENTANGE_20250512115434081029.pdf
	at java.base/sun.nio.fs.WindowsFileCopy.move(WindowsFileCopy.java:370) ~[?:?]
	at java.base/sun.nio.fs.WindowsFileSystemProvider.move(WindowsFileSystemProvider.java:291) ~[?:?]
	at java.base/java.nio.file.Files.move(Files.java:1430) ~[?:?]
	at pdfsigner.PdfSignerApp.processFilteredFiles(PdfSignerApp.java:160) [main/:?]
	at pdfsigner.PdfSignerApp.main(PdfSignerApp.java:92) [main/:?]
2025-05-19 10:58:05 ERROR Fehler mit Datei Fa_Rg_NC_Sovem_HOMEWO_92348_275080_LU   17454516_HOMEWORX SARL_L 1621 LUXEMBOURG_20250512115435835055.pdf: 
java.nio.file.FileAlreadyExistsException: D:\Daten\_Temp\FACT\FACT_BACKUP\Fa_Rg_NC_Sovem_HOMEWO_92348_275080_LU   17454516_HOMEWORX SARL_L 1621 LUXEMBOURG_20250512115435835055.pdf
	at java.base/sun.nio.fs.WindowsFileCopy.move(WindowsFileCopy.java:370) ~[?:?]
	at java.base/sun.nio.fs.WindowsFileSystemProvider.move(WindowsFileSystemProvider.java:291) ~[?:?]
	at java.base/java.nio.file.Files.move(Files.java:1430) ~[?:?]
	at pdfsigner.PdfSignerApp.processFilteredFiles(PdfSignerApp.java:160) [main/:?]
	at pdfsigner.PdfSignerApp.main(PdfSignerApp.java:92) [main/:?]
2025-05-19 10:58:05 ERROR Fehler mit Datei Fa_Rg_NC_Sovem_MIMMO_92349_520829_LU   19820603_MIMMO U ROCCO_L 1899 KOCKELSCHEUER_20250512115437593874.pdf: 
java.nio.file.FileAlreadyExistsException: D:\Daten\_Temp\FACT\FACT_BACKUP\Fa_Rg_NC_Sovem_MIMMO_92349_520829_LU   19820603_MIMMO U ROCCO_L 1899 KOCKELSCHEUER_20250512115437593874.pdf
	at java.base/sun.nio.fs.WindowsFileCopy.move(WindowsFileCopy.java:370) ~[?:?]
	at java.base/sun.nio.fs.WindowsFileSystemProvider.move(WindowsFileSystemProvider.java:291) ~[?:?]
	at java.base/java.nio.file.Files.move(Files.java:1430) ~[?:?]
	at pdfsigner.PdfSignerApp.processFilteredFiles(PdfSignerApp.java:160) [main/:?]
	at pdfsigner.PdfSignerApp.main(PdfSignerApp.java:92) [main/:?]
2025-05-19 10:58:05 ERROR Fehler mit Datei Fa_Rg_NC_Sovem_RENOVA_92350_625177_LU   28483636_RENOVATIOUN DOHEEM_L 1899 KOCKELSCHEUER_20250512115439358321.pdf: 
java.nio.file.FileAlreadyExistsException: D:\Daten\_Temp\FACT\FACT_BACKUP\Fa_Rg_NC_Sovem_RENOVA_92350_625177_LU   28483636_RENOVATIOUN DOHEEM_L 1899 KOCKELSCHEUER_20250512115439358321.pdf
	at java.base/sun.nio.fs.WindowsFileCopy.move(WindowsFileCopy.java:370) ~[?:?]
	at java.base/sun.nio.fs.WindowsFileSystemProvider.move(WindowsFileSystemProvider.java:291) ~[?:?]
	at java.base/java.nio.file.Files.move(Files.java:1430) ~[?:?]
	at pdfsigner.PdfSignerApp.processFilteredFiles(PdfSignerApp.java:160) [main/:?]
	at pdfsigner.PdfSignerApp.main(PdfSignerApp.java:92) [main/:?]
2025-05-19 10:58:05 ERROR Fehler mit Datei Fa_Rg_NC_Sovem_TEMA P_92351_697360_LU   25478769_TEMA PLUS SARL_L 3321 BERCHEM_20250512115441158208.pdf: 
java.nio.file.FileAlreadyExistsException: D:\Daten\_Temp\FACT\FACT_BACKUP\Fa_Rg_NC_Sovem_TEMA P_92351_697360_LU   25478769_TEMA PLUS SARL_L 3321 BERCHEM_20250512115441158208.pdf
	at java.base/sun.nio.fs.WindowsFileCopy.move(WindowsFileCopy.java:370) ~[?:?]
	at java.base/sun.nio.fs.WindowsFileSystemProvider.move(WindowsFileSystemProvider.java:291) ~[?:?]
	at java.base/java.nio.file.Files.move(Files.java:1430) ~[?:?]
	at pdfsigner.PdfSignerApp.processFilteredFiles(PdfSignerApp.java:160) [main/:?]
	at pdfsigner.PdfSignerApp.main(PdfSignerApp.java:92) [main/:?]
2025-05-19 10:58:05 ERROR Fehler mit Datei Fa_Rg_Sovem_VATHER_66522_764932_LU_VATHERM SARL_L 3730 RUMELANGE_20250512115408042737.pdf: 
java.nio.file.FileAlreadyExistsException: D:\Daten\_Temp\FACT\FACT_BACKUP\Fa_Rg_Sovem_VATHER_66522_764932_LU_VATHERM SARL_L 3730 RUMELANGE_20250512115408042737.pdf
	at java.base/sun.nio.fs.WindowsFileCopy.move(WindowsFileCopy.java:370) ~[?:?]
	at java.base/sun.nio.fs.WindowsFileSystemProvider.move(WindowsFileSystemProvider.java:291) ~[?:?]
	at java.base/java.nio.file.Files.move(Files.java:1430) ~[?:?]
	at pdfsigner.PdfSignerApp.processFilteredFiles(PdfSignerApp.java:160) [main/:?]
	at pdfsigner.PdfSignerApp.main(PdfSignerApp.java:92) [main/:?]
2025-05-19 10:58:05 ERROR Fehler mit Datei Fa_Rg_Sovem_VATHER_66523_764932_LU_VATHERM SARL_L 3730 RUMELANGE_20250512115409863970.pdf: 
java.nio.file.FileAlreadyExistsException: D:\Daten\_Temp\FACT\FACT_BACKUP\Fa_Rg_Sovem_VATHER_66523_764932_LU_VATHERM SARL_L 3730 RUMELANGE_20250512115409863970.pdf
	at java.base/sun.nio.fs.WindowsFileCopy.move(WindowsFileCopy.java:370) ~[?:?]
	at java.base/sun.nio.fs.WindowsFileSystemProvider.move(WindowsFileSystemProvider.java:291) ~[?:?]
	at java.base/java.nio.file.Files.move(Files.java:1430) ~[?:?]
	at pdfsigner.PdfSignerApp.processFilteredFiles(PdfSignerApp.java:160) [main/:?]
	at pdfsigner.PdfSignerApp.main(PdfSignerApp.java:92) [main/:?]
2025-05-19 10:58:05 ERROR Fehler mit Datei Fa_Rg_Sovem_VATHER_66524_764932_LU_VATHERM SARL_L 3730 RUMELANGE_20250512115411669344.pdf: 
java.nio.file.FileAlreadyExistsException: D:\Daten\_Temp\FACT\FACT_BACKUP\Fa_Rg_Sovem_VATHER_66524_764932_LU_VATHERM SARL_L 3730 RUMELANGE_20250512115411669344.pdf
	at java.base/sun.nio.fs.WindowsFileCopy.move(WindowsFileCopy.java:370) ~[?:?]
	at java.base/sun.nio.fs.WindowsFileSystemProvider.move(WindowsFileSystemProvider.java:291) ~[?:?]
	at java.base/java.nio.file.Files.move(Files.java:1430) ~[?:?]
	at pdfsigner.PdfSignerApp.processFilteredFiles(PdfSignerApp.java:160) [main/:?]
	at pdfsigner.PdfSignerApp.main(PdfSignerApp.java:92) [main/:?]
2025-05-19 10:58:05 ERROR Fehler mit Datei Fa_Rg_Sovem_VEOLIA_66525_156829_LU   28157871_VEOLIA LUXEMBOURG SA_L 3378 LIVANGE_20250512115414905400.pdf: 
java.nio.file.FileAlreadyExistsException: D:\Daten\_Temp\FACT\FACT_BACKUP\Fa_Rg_Sovem_VEOLIA_66525_156829_LU   28157871_VEOLIA LUXEMBOURG SA_L 3378 LIVANGE_20250512115414905400.pdf
	at java.base/sun.nio.fs.WindowsFileCopy.move(WindowsFileCopy.java:370) ~[?:?]
	at java.base/sun.nio.fs.WindowsFileSystemProvider.move(WindowsFileSystemProvider.java:291) ~[?:?]
	at java.base/java.nio.file.Files.move(Files.java:1430) ~[?:?]
	at pdfsigner.PdfSignerApp.processFilteredFiles(PdfSignerApp.java:160) [main/:?]
	at pdfsigner.PdfSignerApp.main(PdfSignerApp.java:92) [main/:?]
2025-05-19 10:58:05 ERROR Fehler mit Datei Fa_Rg_Sovem_WEFA T_66526_806897_LU   31676514_WEFA TEC SARL_L 7738 COLMAR-BERG_20250512115416680128.pdf: 
java.nio.file.FileAlreadyExistsException: D:\Daten\_Temp\FACT\FACT_BACKUP\Fa_Rg_Sovem_WEFA T_66526_806897_LU   31676514_WEFA TEC SARL_L 7738 COLMAR-BERG_20250512115416680128.pdf
	at java.base/sun.nio.fs.WindowsFileCopy.move(WindowsFileCopy.java:370) ~[?:?]
	at java.base/sun.nio.fs.WindowsFileSystemProvider.move(WindowsFileSystemProvider.java:291) ~[?:?]
	at java.base/java.nio.file.Files.move(Files.java:1430) ~[?:?]
	at pdfsigner.PdfSignerApp.processFilteredFiles(PdfSignerApp.java:160) [main/:?]
	at pdfsigner.PdfSignerApp.main(PdfSignerApp.java:92) [main/:?]
2025-05-19 10:58:05 ERROR Fehler mit Datei Fa_Rg_Sovem_WEFA T_66527_806897_LU   31676514_WEFA TEC SARL_L 7738 COLMAR-BERG_20250512115418538028.pdf: 
java.nio.file.FileAlreadyExistsException: D:\Daten\_Temp\FACT\FACT_BACKUP\Fa_Rg_Sovem_WEFA T_66527_806897_LU   31676514_WEFA TEC SARL_L 7738 COLMAR-BERG_20250512115418538028.pdf
	at java.base/sun.nio.fs.WindowsFileCopy.move(WindowsFileCopy.java:370) ~[?:?]
	at java.base/sun.nio.fs.WindowsFileSystemProvider.move(WindowsFileSystemProvider.java:291) ~[?:?]
	at java.base/java.nio.file.Files.move(Files.java:1430) ~[?:?]
	at pdfsigner.PdfSignerApp.processFilteredFiles(PdfSignerApp.java:160) [main/:?]
	at pdfsigner.PdfSignerApp.main(PdfSignerApp.java:92) [main/:?]
2025-05-19 10:58:05 ERROR Fehler mit Datei Fa_Rg_Sovem_WISAG_66528_543201_LU   15913200_WISAG TECHNICAL SERVICE SARL_L 3895 FOETZ_20250512115420301305.pdf: 
java.nio.file.FileAlreadyExistsException: D:\Daten\_Temp\FACT\FACT_BACKUP\Fa_Rg_Sovem_WISAG_66528_543201_LU   15913200_WISAG TECHNICAL SERVICE SARL_L 3895 FOETZ_20250512115420301305.pdf
	at java.base/sun.nio.fs.WindowsFileCopy.move(WindowsFileCopy.java:370) ~[?:?]
	at java.base/sun.nio.fs.WindowsFileSystemProvider.move(WindowsFileSystemProvider.java:291) ~[?:?]
	at java.base/java.nio.file.Files.move(Files.java:1430) ~[?:?]
	at pdfsigner.PdfSignerApp.processFilteredFiles(PdfSignerApp.java:160) [main/:?]
	at pdfsigner.PdfSignerApp.main(PdfSignerApp.java:92) [main/:?]
2025-05-19 10:58:05 ERROR Fehler mit Datei Fa_Rg_Sovem_WISAG_66529_543201_LU   15913200_WISAG TECHNICAL SERVICE SARL_L 3895 FOETZ_20250512115422069148.pdf: 
java.nio.file.FileAlreadyExistsException: D:\Daten\_Temp\FACT\FACT_BACKUP\Fa_Rg_Sovem_WISAG_66529_543201_LU   15913200_WISAG TECHNICAL SERVICE SARL_L 3895 FOETZ_20250512115422069148.pdf
	at java.base/sun.nio.fs.WindowsFileCopy.move(WindowsFileCopy.java:370) ~[?:?]
	at java.base/sun.nio.fs.WindowsFileSystemProvider.move(WindowsFileSystemProvider.java:291) ~[?:?]
	at java.base/java.nio.file.Files.move(Files.java:1430) ~[?:?]
	at pdfsigner.PdfSignerApp.processFilteredFiles(PdfSignerApp.java:160) [main/:?]
	at pdfsigner.PdfSignerApp.main(PdfSignerApp.java:92) [main/:?]
2025-05-19 10:58:05 ERROR Fehler mit Datei Fa_Rg_Sovem_WISAG_66530_543201_LU   15913200_WISAG TECHNICAL SERVICE SARL_L 3895 FOETZ_20250512115423950361.pdf: 
java.nio.file.FileAlreadyExistsException: D:\Daten\_Temp\FACT\FACT_BACKUP\Fa_Rg_Sovem_WISAG_66530_543201_LU   15913200_WISAG TECHNICAL SERVICE SARL_L 3895 FOETZ_20250512115423950361.pdf
	at java.base/sun.nio.fs.WindowsFileCopy.move(WindowsFileCopy.java:370) ~[?:?]
	at java.base/sun.nio.fs.WindowsFileSystemProvider.move(WindowsFileSystemProvider.java:291) ~[?:?]
	at java.base/java.nio.file.Files.move(Files.java:1430) ~[?:?]
	at pdfsigner.PdfSignerApp.processFilteredFiles(PdfSignerApp.java:160) [main/:?]
	at pdfsigner.PdfSignerApp.main(PdfSignerApp.java:92) [main/:?]
2025-05-19 10:58:05 ERROR Fehler mit Datei Fa_Rg_Sovem_WISAG_66531_543201_LU   15913200_WISAG TECHNICAL SERVICE SARL_L 3895 FOETZ_20250512115425741702.pdf: 
java.nio.file.FileAlreadyExistsException: D:\Daten\_Temp\FACT\FACT_BACKUP\Fa_Rg_Sovem_WISAG_66531_543201_LU   15913200_WISAG TECHNICAL SERVICE SARL_L 3895 FOETZ_20250512115425741702.pdf
	at java.base/sun.nio.fs.WindowsFileCopy.move(WindowsFileCopy.java:370) ~[?:?]
	at java.base/sun.nio.fs.WindowsFileSystemProvider.move(WindowsFileSystemProvider.java:291) ~[?:?]
	at java.base/java.nio.file.Files.move(Files.java:1430) ~[?:?]
	at pdfsigner.PdfSignerApp.processFilteredFiles(PdfSignerApp.java:160) [main/:?]
	at pdfsigner.PdfSignerApp.main(PdfSignerApp.java:92) [main/:?]
2025-05-19 10:58:05 INFO  --- Zusammenfassung ---
2025-05-19 10:58:05 INFO  Gesicherte Dateien    : 0
2025-05-19 10:58:05 INFO  Erfolgreiche Signaturen: 0
2025-05-19 10:58:05 INFO  Fehlgeschlagene Vorgaenge: 46
