2025-06-05 08:29:15 INFO  Logging konfiguriert: Konsole=WARN+, Datei=INFO+
2025-06-05 08:29:15 INFO  ---- Installierte Provider und ihre KeyStore-Algorithmen ----
2025-06-05 08:29:15 INFO  ** Provider: SUN
2025-06-05 08:29:15 INFO     KeyStore-Algorithmus: JKS
2025-06-05 08:29:15 INFO     KeyStore-Algorithmus: CaseExactJKS
2025-06-05 08:29:15 INFO     KeyStore-Algorithmus: PKCS12
2025-06-05 08:29:15 INFO     KeyStore-Algorithmus: DKS
2025-06-05 08:29:15 INFO  ** Provider: SunRsaSign
2025-06-05 08:29:15 INFO  ** Provider: SunEC
2025-06-05 08:29:15 INFO  ** Provider: SunJSSE
2025-06-05 08:29:15 INFO     KeyStore-Algorithmus: PKCS12
2025-06-05 08:29:15 INFO  ** Provider: SunJCE
2025-06-05 08:29:15 INFO     KeyStore-Algorithmus: JCEKS
2025-06-05 08:29:15 INFO  ** Provider: SunJGSS
2025-06-05 08:29:15 INFO  ** Provider: SunSASL
2025-06-05 08:29:15 INFO  ** Provider: XMLDSig
2025-06-05 08:29:15 INFO  ** Provider: SunPCSC
2025-06-05 08:29:15 INFO  ** Provider: JdkLDAP
2025-06-05 08:29:15 INFO  ** Provider: JdkSASL
2025-06-05 08:29:15 INFO  ** Provider: SunMSCAPI
2025-06-05 08:29:15 INFO     KeyStore-Algorithmus: Windows-ROOT-LOCALMACHINE
2025-06-05 08:29:15 INFO     KeyStore-Algorithmus: Windows-ROOT-CURRENTUSER
2025-06-05 08:29:15 INFO     KeyStore-Algorithmus: Windows-MY
2025-06-05 08:29:15 INFO     KeyStore-Algorithmus: Windows-MY-CURRENTUSER
2025-06-05 08:29:15 INFO     KeyStore-Algorithmus: Windows-MY-LOCALMACHINE
2025-06-05 08:29:15 INFO     KeyStore-Algorithmus: Windows-ROOT
2025-06-05 08:29:15 INFO  ** Provider: SunPKCS11
2025-06-05 08:29:15 INFO  ** Provider: SunPKCS11-USBToken
2025-06-05 08:29:15 INFO     KeyStore-Algorithmus: PKCS11
2025-06-05 08:29:15 INFO  ---------------------------------------------------------------
2025-06-05 08:29:33 INFO  Start Signatur der Dateien vom 12.05.2025
2025-06-05 08:29:35 INFO  Erfolg: Fa_Rg_NC_Sovem_GENIST_92347_655287_LU   14494048_GENISTA SARL_L 5846 FENTANGE_20250512115434081029.pdf
2025-06-05 08:29:35 INFO  Erfolg: Fa_Rg_NC_Sovem_HOMEWO_92348_275080_LU   17454516_HOMEWORX SARL_L 1621 LUXEMBOURG_20250512115435835055.pdf
2025-06-05 08:29:35 INFO  Erfolg: Fa_Rg_NC_Sovem_MIMMO_92349_520829_LU   19820603_MIMMO U ROCCO_L 1899 KOCKELSCHEUER_20250512115437593874.pdf
2025-06-05 08:29:35 INFO  Erfolg: Fa_Rg_NC_Sovem_RENOVA_92350_625177_LU   28483636_RENOVATIOUN DOHEEM_L 1899 KOCKELSCHEUER_20250512115439358321.pdf
2025-06-05 08:29:36 INFO  Erfolg: Fa_Rg_NC_Sovem_TEMA P_92351_697360_LU   25478769_TEMA PLUS SARL_L 3321 BERCHEM_20250512115441158208.pdf
2025-06-05 08:29:36 INFO  Erfolg: Fa_Rg_Sovem_VATHER_66522_764932_LU_VATHERM SARL_L 3730 RUMELANGE_20250512115408042737.pdf
2025-06-05 08:29:36 INFO  Erfolg: Fa_Rg_Sovem_VATHER_66523_764932_LU_VATHERM SARL_L 3730 RUMELANGE_20250512115409863970.pdf
2025-06-05 08:29:36 INFO  Erfolg: Fa_Rg_Sovem_VATHER_66524_764932_LU_VATHERM SARL_L 3730 RUMELANGE_20250512115411669344.pdf
2025-06-05 08:29:37 INFO  Erfolg: Fa_Rg_Sovem_VEOLIA_66525_156829_LU   28157871_VEOLIA LUXEMBOURG SA_L 3378 LIVANGE_20250512115414905400.pdf
2025-06-05 08:29:37 INFO  Erfolg: Fa_Rg_Sovem_WEFA T_66526_806897_LU   31676514_WEFA TEC SARL_L 7738 COLMAR-BERG_20250512115416680128.pdf
2025-06-05 08:29:37 INFO  Erfolg: Fa_Rg_Sovem_WEFA T_66527_806897_LU   31676514_WEFA TEC SARL_L 7738 COLMAR-BERG_20250512115418538028.pdf
2025-06-05 08:29:37 INFO  Erfolg: Fa_Rg_Sovem_WISAG_66528_543201_LU   15913200_WISAG TECHNICAL SERVICE SARL_L 3895 FOETZ_20250512115420301305.pdf
2025-06-05 08:29:38 INFO  Erfolg: Fa_Rg_Sovem_WISAG_66529_543201_LU   15913200_WISAG TECHNICAL SERVICE SARL_L 3895 FOETZ_20250512115422069148.pdf
2025-06-05 08:29:38 INFO  Erfolg: Fa_Rg_Sovem_WISAG_66530_543201_LU   15913200_WISAG TECHNICAL SERVICE SARL_L 3895 FOETZ_20250512115423950361.pdf
2025-06-05 08:29:38 INFO  Erfolg: Fa_Rg_Sovem_WISAG_66531_543201_LU   15913200_WISAG TECHNICAL SERVICE SARL_L 3895 FOETZ_20250512115425741702.pdf
2025-06-05 08:29:38 INFO  --- Zusammenfassung ---
2025-06-05 08:29:38 INFO  Gesicherte Dateien    : 15
2025-06-05 08:29:38 INFO  Erfolgreiche Signaturen: 15
2025-06-05 08:29:38 INFO  Fehlgeschlagene Vorgänge: 0
