2025-06-05 08:32:03 INFO  Logging konfiguriert: Konsole=WARN+, Datei=INFO+
2025-06-05 08:32:03 INFO  ---- Installierte Provider und ihre KeyStore-Algorithmen ----
2025-06-05 08:32:03 INFO  ** Provider: SUN
2025-06-05 08:32:03 INFO     KeyStore-Algorithmus: JKS
2025-06-05 08:32:03 INFO     KeyStore-Algorithmus: CaseExactJKS
2025-06-05 08:32:03 INFO     KeyStore-Algorithmus: PKCS12
2025-06-05 08:32:03 INFO     KeyStore-Algorithmus: DKS
2025-06-05 08:32:03 INFO  ** Provider: SunRsaSign
2025-06-05 08:32:03 INFO  ** Provider: SunEC
2025-06-05 08:32:03 INFO  ** Provider: SunJSSE
2025-06-05 08:32:03 INFO     KeyStore-Algorithmus: PKCS12
2025-06-05 08:32:03 INFO  ** Provider: SunJCE
2025-06-05 08:32:03 INFO     KeyStore-Algorithmus: JCEKS
2025-06-05 08:32:03 INFO  ** Provider: SunJGSS
2025-06-05 08:32:03 INFO  ** Provider: SunSASL
2025-06-05 08:32:03 INFO  ** Provider: XMLDSig
2025-06-05 08:32:03 INFO  ** Provider: SunPCSC
2025-06-05 08:32:03 INFO  ** Provider: JdkLDAP
2025-06-05 08:32:03 INFO  ** Provider: JdkSASL
2025-06-05 08:32:03 INFO  ** Provider: SunMSCAPI
2025-06-05 08:32:03 INFO     KeyStore-Algorithmus: Windows-ROOT-LOCALMACHINE
2025-06-05 08:32:03 INFO     KeyStore-Algorithmus: Windows-ROOT-CURRENTUSER
2025-06-05 08:32:03 INFO     KeyStore-Algorithmus: Windows-MY
2025-06-05 08:32:03 INFO     KeyStore-Algorithmus: Windows-MY-CURRENTUSER
2025-06-05 08:32:03 INFO     KeyStore-Algorithmus: Windows-MY-LOCALMACHINE
2025-06-05 08:32:03 INFO     KeyStore-Algorithmus: Windows-ROOT
2025-06-05 08:32:03 INFO  ** Provider: SunPKCS11
2025-06-05 08:32:03 INFO  ** Provider: SunPKCS11-USBToken
2025-06-05 08:32:03 INFO     KeyStore-Algorithmus: PKCS11
2025-06-05 08:32:03 INFO  ---------------------------------------------------------------
2025-06-05 08:32:43 INFO  Start Signatur der Dateien vom 13.05.2025
2025-06-05 08:32:44 INFO  Erfolg: Fa_Rg_Menova_CLOESE_2653_088509_BE 0803553938_MEN_ CLOESEN CHRISTOPHE SRL_B 4350 POUSSET_20250513104825011622.pdf
2025-06-05 08:32:44 INFO  Erfolg: Fa_Rg_Menova_DARON_2654_109423_BE 0855458143_MENUISERIE DARON U FILS_B 5560 MESNIL-ST_BLAISE_20250513104827421778.pdf
2025-06-05 08:32:44 INFO  Erfolg: Fa_Rg_Menova_DELFOS_2655_115488_BE 1018058253_VOLETS U CHASSIS DELFOSSE SRL_B 4650 HERVE_20250513104829798498.pdf
2025-06-05 08:32:45 INFO  Erfolg: Fa_Rg_Menova_DELTA_2656_115923_BE 0506908538_DELTA CONSTRUCTIONS SPRL_B 4130 TILFF_20250513104832101444.pdf
2025-06-05 08:32:45 INFO  Erfolg: Fa_Rg_Menova_DELTA_2657_115923_BE 0506908538_DELTA CONSTRUCTIONS SPRL_B 4130 TILFF_20250513104834443484.pdf
2025-06-05 08:32:45 INFO  Erfolg: Fa_Rg_Menova_DEMA_2658_114866_BE 0404345092_DEMA SA_B 6900 MARCH EN FAMENNE_20250513104836825774.pdf
2025-06-05 08:32:45 INFO  Erfolg: Fa_Rg_Menova_GIBOMA_2659_229849_BE 0468617490_GI_BO_MA SA_B 4960 MALMEDY_20250513104839343096.pdf
2025-06-05 08:32:46 INFO  Erfolg: Fa_Rg_Menova_GOEBEL_2660_238128_BE 0452612094_GOEBELS U FILS  SPRL_B 4890 THIMISTER_20250513104841837715.pdf
2025-06-05 08:32:46 INFO  Erfolg: Fa_Rg_Menova_GUELFF_2661_295418_BE 0899425471_MENUISERIE GUELFF SPRL_B 6740 ETALLE_20250513104846949920.pdf
2025-06-05 08:32:46 INFO  Erfolg: Fa_Rg_Menova_IDEAL_2662_295442_BE 0792830191_IDEAL CONSTRUCT_B 6762 HARNONCOURT_20250513104849347082.pdf
2025-06-05 08:32:46 INFO  Erfolg: Fa_Rg_Meurer_SOVEM_21477_674869_LU   13039409_SOVEM SARL_L 2453 LUXEMBOURG_20250513112809784943.pdf
2025-06-05 08:32:47 INFO  Erfolg: Fa_Rg_Meurer_SOVEM_21478_674869_LU   13039409_SOVEM SARL_L 2453 LUXEMBOURG_20250513112811991186.pdf
2025-06-05 08:32:47 INFO  Erfolg: Fa_Rg_Meurer_SOVEM_21479_674869_LU   13039409_SOVEM SARL_L 2453 LUXEMBOURG_20250513112814262632.pdf
2025-06-05 08:32:47 INFO  Erfolg: Fa_Rg_Meurer_STIENS_21480_682329_BE 0465197548_STIENS SRL_B 1440 WAUTHIER-BRAINE_20250513112816594543.pdf
2025-06-05 08:32:47 INFO  Erfolg: Fa_Rg_Meurer_STILMA_21481_682118_BE 0821170029_MEN_ STILMANT PASCAL SPRL_B 6600 BASTOGNE_20250513112818776769.pdf
2025-06-05 08:32:48 INFO  Erfolg: Fa_Rg_Meurer_STRAET_21482_682178_BE 0457270173_STRAETEN JEAN-MARIE SA_B 4650 CHAINEUX _ HERVE_20250513112820970121.pdf
2025-06-05 08:32:48 INFO  Erfolg: Fa_Rg_Meurer_TDC_21483_695808_BE 0567640931_TDC SCS_B 4970 STAVELOT_20250513112825872459.pdf
2025-06-05 08:32:48 INFO  Erfolg: Fa_Rg_Meurer_TDC_21484_695808_BE 0567640931_TDC SCS_B 4970 STAVELOT_20250513112828090351.pdf
2025-06-05 08:32:48 INFO  Erfolg: Fa_Rg_Meurer_TEC-HO_21485_697445_BE 0477109643_TEC-HOUSE_B 4420 MONTEGNEE_20250513112830294926.pdf
2025-06-05 08:32:49 INFO  Erfolg: Fa_Rg_Meurer_TECHNO_21486_697370_BE 0544785652_TECHNO CLIMAT SPRL_B 4651 BATTICE_20250513112832514005.pdf
2025-06-05 08:32:49 INFO  Erfolg: Fa_Rg_Meurer_TECNIB_21487_697277_BE 0453179644_TECNIBA S_A__B 6600 BASTOGNE_20250513112834685976.pdf
2025-06-05 08:32:49 INFO  Erfolg: Fa_Rg_NC_Meurer_BAUWEN_93249_037087_BE 0728601939_BAUWENS CONCEPT SRL_B 4820 DISON_20250513113434233601.pdf
2025-06-05 08:32:49 INFO  Erfolg: Fa_Rg_NC_Meurer_BBM_93250_037812_BE 0479413293_BBM CHASSIS SA_B 4800 ENSIVAL_20250513113435873299.pdf
2025-06-05 08:32:50 INFO  Erfolg: Fa_Rg_NC_Meurer_BEAUVE_93251_042219_BE 0821531996_BEAUVE CHRISTIAN SPRL_B 4910 THEUX_20250513113437534291.pdf
2025-06-05 08:32:50 INFO  Erfolg: Fa_Rg_NC_Meurer_BELGOP_93252_042307_BE 0452626447_BELGOPLAST SPRL_B 4400 FLEMALLE_20250513113439170229.pdf
2025-06-05 08:32:50 INFO  Erfolg: Fa_Rg_NC_Meurer_COLIN_93253_092919_BE_COLIN ERIC_B 3790 FOURON-ST_MARTIN_20250513113440791395.pdf
2025-06-05 08:32:50 INFO  Erfolg: Fa_Rg_NC_Meurer_COUNET_93254_092791_BE           - -_COUNET HUGO_B 4651 BATTICE_20250513113442413342.pdf
2025-06-05 08:32:51 INFO  Erfolg: Fa_Rg_NC_Meurer_DUMOUL_93255_137414_BE 0560964955_DUMOULIN BERNARD_B 4970 STAVELOT_20250513113444040507.pdf
2025-06-05 08:32:51 INFO  Erfolg: Fa_Rg_NC_Meurer_ELECTR_93256_161129_BE 0550976034_ELECTRO-CHASSIS SRL_B 4101 SERAING_20250513113445661109.pdf
2025-06-05 08:32:51 INFO  Erfolg: Fa_Rg_NC_Meurer_HSA_93257_280019_LU   34516018_HSA MENUISERIE_L 9559 WILTZ_20250513113447329918.pdf
2025-06-05 08:32:51 INFO  Erfolg: Fa_Rg_NC_Meurer_JS CON_93258_352816_BE 0765429176_JS CONCEPTION SRL_B 4950 FAYMONVILLE_20250513113448972425.pdf
2025-06-05 08:32:52 INFO  Erfolg: Fa_Rg_NC_Meurer_WOOD_93248_820461_BE 0899538210_WOOD U ROOF PGMBH_B 4760 BUELLINGEN_20250513113432579878.pdf
2025-06-05 08:32:52 INFO  --- Zusammenfassung ---
2025-06-05 08:32:52 INFO  Gesicherte Dateien    : 32
2025-06-05 08:32:52 INFO  Erfolgreiche Signaturen: 32
2025-06-05 08:32:52 INFO  Fehlgeschlagene Vorgänge: 0
