2025-05-14 16:23:33 INFO  Verarbeite Datei: D:\Daten\_Temp\FACT\Fa_Rg_Menova_CLOESE_2653_088509_BE 0803553938_MEN_ CLOESEN CHRISTOPHE SRL_B 4350 POUSSET_20250513104825011622.pdf
2025-05-14 16:23:40 INFO  Fertig: D:\Daten\_Temp\FACT\Fa_Rg_Menova_CLOESE_2653_088509_BE 0803553938_MEN_ CLOESEN CHRISTOPHE SRL_B 4350 POUSSET_20250513104825011622.pdf
2025-05-14 16:23:40 INFO  Verarbeite Datei: D:\Daten\_Temp\FACT\Fa_Rg_Menova_DARON_2654_109423_BE 0855458143_MENUISERIE DARON U FILS_B 5560 MESNIL-ST_BLAISE_20250513104827421778.pdf
2025-05-14 16:23:40 INFO  Fertig: D:\Daten\_Temp\FACT\Fa_Rg_Menova_DARON_2654_109423_BE 0855458143_MENUISERIE DARON U FILS_B 5560 MESNIL-ST_BLAISE_20250513104827421778.pdf
2025-05-14 16:23:40 INFO  Verarbeite Datei: D:\Daten\_Temp\FACT\Fa_Rg_Menova_DELFOS_2655_115488_BE 1018058253_VOLETS U CHASSIS DELFOSSE SRL_B 4650 HERVE_20250513104829798498.pdf
2025-05-14 16:23:40 INFO  Fertig: D:\Daten\_Temp\FACT\Fa_Rg_Menova_DELFOS_2655_115488_BE 1018058253_VOLETS U CHASSIS DELFOSSE SRL_B 4650 HERVE_20250513104829798498.pdf
2025-05-14 16:23:40 INFO  Verarbeite Datei: D:\Daten\_Temp\FACT\Fa_Rg_Menova_DELTA_2656_115923_BE 0506908538_DELTA CONSTRUCTIONS SPRL_B 4130 TILFF_20250513104832101444.pdf
2025-05-14 16:23:40 INFO  Fertig: D:\Daten\_Temp\FACT\Fa_Rg_Menova_DELTA_2656_115923_BE 0506908538_DELTA CONSTRUCTIONS SPRL_B 4130 TILFF_20250513104832101444.pdf
2025-05-14 16:23:40 INFO  Verarbeite Datei: D:\Daten\_Temp\FACT\Fa_Rg_Menova_DELTA_2657_115923_BE 0506908538_DELTA CONSTRUCTIONS SPRL_B 4130 TILFF_20250513104834443484.pdf
2025-05-14 16:23:41 INFO  Fertig: D:\Daten\_Temp\FACT\Fa_Rg_Menova_DELTA_2657_115923_BE 0506908538_DELTA CONSTRUCTIONS SPRL_B 4130 TILFF_20250513104834443484.pdf
2025-05-14 16:23:41 INFO  Verarbeite Datei: D:\Daten\_Temp\FACT\Fa_Rg_Menova_DEMA_2658_114866_BE 0404345092_DEMA SA_B 6900 MARCH EN FAMENNE_20250513104836825774.pdf
2025-05-14 16:23:41 INFO  Fertig: D:\Daten\_Temp\FACT\Fa_Rg_Menova_DEMA_2658_114866_BE 0404345092_DEMA SA_B 6900 MARCH EN FAMENNE_20250513104836825774.pdf
2025-05-14 16:23:41 INFO  Verarbeite Datei: D:\Daten\_Temp\FACT\Fa_Rg_Menova_GIBOMA_2659_229849_BE 0468617490_GI_BO_MA SA_B 4960 MALMEDY_20250513104839343096.pdf
2025-05-14 16:23:41 INFO  Fertig: D:\Daten\_Temp\FACT\Fa_Rg_Menova_GIBOMA_2659_229849_BE 0468617490_GI_BO_MA SA_B 4960 MALMEDY_20250513104839343096.pdf
2025-05-14 16:23:41 INFO  Verarbeite Datei: D:\Daten\_Temp\FACT\Fa_Rg_Menova_GOEBEL_2660_238128_BE 0452612094_GOEBELS U FILS  SPRL_B 4890 THIMISTER_20250513104841837715.pdf
2025-05-14 16:23:41 INFO  Fertig: D:\Daten\_Temp\FACT\Fa_Rg_Menova_GOEBEL_2660_238128_BE 0452612094_GOEBELS U FILS  SPRL_B 4890 THIMISTER_20250513104841837715.pdf
2025-05-14 16:23:41 INFO  Verarbeite Datei: D:\Daten\_Temp\FACT\Fa_Rg_Menova_GUELFF_2661_295418_BE 0899425471_MENUISERIE GUELFF SPRL_B 6740 ETALLE_20250513104846949920.pdf
2025-05-14 16:23:41 INFO  Fertig: D:\Daten\_Temp\FACT\Fa_Rg_Menova_GUELFF_2661_295418_BE 0899425471_MENUISERIE GUELFF SPRL_B 6740 ETALLE_20250513104846949920.pdf
2025-05-14 16:23:41 INFO  Verarbeite Datei: D:\Daten\_Temp\FACT\Fa_Rg_Menova_IDEAL_2662_295442_BE 0792830191_IDEAL CONSTRUCT_B 6762 HARNONCOURT_20250513104849347082.pdf
2025-05-14 16:23:41 INFO  Fertig: D:\Daten\_Temp\FACT\Fa_Rg_Menova_IDEAL_2662_295442_BE 0792830191_IDEAL CONSTRUCT_B 6762 HARNONCOURT_20250513104849347082.pdf
2025-05-14 16:23:41 INFO  Verarbeite Datei: D:\Daten\_Temp\FACT\Fa_Rg_Meurer_SOVEM_21477_674869_LU   13039409_SOVEM SARL_L 2453 LUXEMBOURG_20250513112809784943.pdf
2025-05-14 16:23:41 INFO  Fertig: D:\Daten\_Temp\FACT\Fa_Rg_Meurer_SOVEM_21477_674869_LU   13039409_SOVEM SARL_L 2453 LUXEMBOURG_20250513112809784943.pdf
2025-05-14 16:23:41 INFO  Verarbeite Datei: D:\Daten\_Temp\FACT\Fa_Rg_Meurer_SOVEM_21478_674869_LU   13039409_SOVEM SARL_L 2453 LUXEMBOURG_20250513112811991186.pdf
2025-05-14 16:23:42 INFO  Fertig: D:\Daten\_Temp\FACT\Fa_Rg_Meurer_SOVEM_21478_674869_LU   13039409_SOVEM SARL_L 2453 LUXEMBOURG_20250513112811991186.pdf
2025-05-14 16:23:42 INFO  Verarbeite Datei: D:\Daten\_Temp\FACT\Fa_Rg_Meurer_SOVEM_21479_674869_LU   13039409_SOVEM SARL_L 2453 LUXEMBOURG_20250513112814262632.pdf
2025-05-14 16:23:42 INFO  Fertig: D:\Daten\_Temp\FACT\Fa_Rg_Meurer_SOVEM_21479_674869_LU   13039409_SOVEM SARL_L 2453 LUXEMBOURG_20250513112814262632.pdf
2025-05-14 16:23:42 INFO  Verarbeite Datei: D:\Daten\_Temp\FACT\Fa_Rg_Meurer_STIENS_21480_682329_BE 0465197548_STIENS SRL_B 1440 WAUTHIER-BRAINE_20250513112816594543.pdf
2025-05-14 16:23:42 INFO  Fertig: D:\Daten\_Temp\FACT\Fa_Rg_Meurer_STIENS_21480_682329_BE 0465197548_STIENS SRL_B 1440 WAUTHIER-BRAINE_20250513112816594543.pdf
2025-05-14 16:23:42 INFO  Verarbeite Datei: D:\Daten\_Temp\FACT\Fa_Rg_Meurer_STILMA_21481_682118_BE 0821170029_MEN_ STILMANT PASCAL SPRL_B 6600 BASTOGNE_20250513112818776769.pdf
2025-05-14 16:23:42 INFO  Fertig: D:\Daten\_Temp\FACT\Fa_Rg_Meurer_STILMA_21481_682118_BE 0821170029_MEN_ STILMANT PASCAL SPRL_B 6600 BASTOGNE_20250513112818776769.pdf
2025-05-14 16:23:42 INFO  Verarbeite Datei: D:\Daten\_Temp\FACT\Fa_Rg_Meurer_STRAET_21482_682178_BE 0457270173_STRAETEN JEAN-MARIE SA_B 4650 CHAINEUX _ HERVE_20250513112820970121.pdf
2025-05-14 16:23:42 INFO  Fertig: D:\Daten\_Temp\FACT\Fa_Rg_Meurer_STRAET_21482_682178_BE 0457270173_STRAETEN JEAN-MARIE SA_B 4650 CHAINEUX _ HERVE_20250513112820970121.pdf
2025-05-14 16:23:42 INFO  Verarbeite Datei: D:\Daten\_Temp\FACT\Fa_Rg_Meurer_TDC_21483_695808_BE 0567640931_TDC SCS_B 4970 STAVELOT_20250513112825872459.pdf
2025-05-14 16:23:42 INFO  Fertig: D:\Daten\_Temp\FACT\Fa_Rg_Meurer_TDC_21483_695808_BE 0567640931_TDC SCS_B 4970 STAVELOT_20250513112825872459.pdf
2025-05-14 16:23:42 INFO  Verarbeite Datei: D:\Daten\_Temp\FACT\Fa_Rg_Meurer_TDC_21484_695808_BE 0567640931_TDC SCS_B 4970 STAVELOT_20250513112828090351.pdf
2025-05-14 16:23:42 INFO  Fertig: D:\Daten\_Temp\FACT\Fa_Rg_Meurer_TDC_21484_695808_BE 0567640931_TDC SCS_B 4970 STAVELOT_20250513112828090351.pdf
2025-05-14 16:23:42 INFO  Verarbeite Datei: D:\Daten\_Temp\FACT\Fa_Rg_Meurer_TEC-HO_21485_697445_BE 0477109643_TEC-HOUSE_B 4420 MONTEGNEE_20250513112830294926.pdf
2025-05-14 16:23:42 INFO  Fertig: D:\Daten\_Temp\FACT\Fa_Rg_Meurer_TEC-HO_21485_697445_BE 0477109643_TEC-HOUSE_B 4420 MONTEGNEE_20250513112830294926.pdf
2025-05-14 16:23:42 INFO  Verarbeite Datei: D:\Daten\_Temp\FACT\Fa_Rg_Meurer_TECHNO_21486_697370_BE 0544785652_TECHNO CLIMAT SPRL_B 4651 BATTICE_20250513112832514005.pdf
2025-05-14 16:23:43 INFO  Fertig: D:\Daten\_Temp\FACT\Fa_Rg_Meurer_TECHNO_21486_697370_BE 0544785652_TECHNO CLIMAT SPRL_B 4651 BATTICE_20250513112832514005.pdf
2025-05-14 16:23:43 INFO  Verarbeite Datei: D:\Daten\_Temp\FACT\Fa_Rg_Meurer_TECNIB_21487_697277_BE 0453179644_TECNIBA S_A__B 6600 BASTOGNE_20250513112834685976.pdf
2025-05-14 16:23:43 INFO  Fertig: D:\Daten\_Temp\FACT\Fa_Rg_Meurer_TECNIB_21487_697277_BE 0453179644_TECNIBA S_A__B 6600 BASTOGNE_20250513112834685976.pdf
2025-05-14 16:23:43 INFO  Verarbeite Datei: D:\Daten\_Temp\FACT\Fa_Rg_NC_Meurer_BAUWEN_93249_037087_BE 0728601939_BAUWENS CONCEPT SRL_B 4820 DISON_20250513113434233601.pdf
2025-05-14 16:23:43 INFO  Fertig: D:\Daten\_Temp\FACT\Fa_Rg_NC_Meurer_BAUWEN_93249_037087_BE 0728601939_BAUWENS CONCEPT SRL_B 4820 DISON_20250513113434233601.pdf
2025-05-14 16:23:43 INFO  Verarbeite Datei: D:\Daten\_Temp\FACT\Fa_Rg_NC_Meurer_BBM_93250_037812_BE 0479413293_BBM CHASSIS SA_B 4800 ENSIVAL_20250513113435873299.pdf
2025-05-14 16:23:43 INFO  Fertig: D:\Daten\_Temp\FACT\Fa_Rg_NC_Meurer_BBM_93250_037812_BE 0479413293_BBM CHASSIS SA_B 4800 ENSIVAL_20250513113435873299.pdf
2025-05-14 16:23:43 INFO  Verarbeite Datei: D:\Daten\_Temp\FACT\Fa_Rg_NC_Meurer_BEAUVE_93251_042219_BE 0821531996_BEAUVE CHRISTIAN SPRL_B 4910 THEUX_20250513113437534291.pdf
2025-05-14 16:23:43 INFO  Fertig: D:\Daten\_Temp\FACT\Fa_Rg_NC_Meurer_BEAUVE_93251_042219_BE 0821531996_BEAUVE CHRISTIAN SPRL_B 4910 THEUX_20250513113437534291.pdf
2025-05-14 16:23:43 INFO  Verarbeite Datei: D:\Daten\_Temp\FACT\Fa_Rg_NC_Meurer_BELGOP_93252_042307_BE 0452626447_BELGOPLAST SPRL_B 4400 FLEMALLE_20250513113439170229.pdf
2025-05-14 16:23:43 INFO  Fertig: D:\Daten\_Temp\FACT\Fa_Rg_NC_Meurer_BELGOP_93252_042307_BE 0452626447_BELGOPLAST SPRL_B 4400 FLEMALLE_20250513113439170229.pdf
2025-05-14 16:23:43 INFO  Verarbeite Datei: D:\Daten\_Temp\FACT\Fa_Rg_NC_Meurer_COLIN_93253_092919_BE_COLIN ERIC_B 3790 FOURON-ST_MARTIN_20250513113440791395.pdf
2025-05-14 16:23:43 INFO  Fertig: D:\Daten\_Temp\FACT\Fa_Rg_NC_Meurer_COLIN_93253_092919_BE_COLIN ERIC_B 3790 FOURON-ST_MARTIN_20250513113440791395.pdf
2025-05-14 16:23:43 INFO  Verarbeite Datei: D:\Daten\_Temp\FACT\Fa_Rg_NC_Meurer_COUNET_93254_092791_BE           - -_COUNET HUGO_B 4651 BATTICE_20250513113442413342.pdf
2025-05-14 16:23:44 INFO  Fertig: D:\Daten\_Temp\FACT\Fa_Rg_NC_Meurer_COUNET_93254_092791_BE           - -_COUNET HUGO_B 4651 BATTICE_20250513113442413342.pdf
2025-05-14 16:23:44 INFO  Verarbeite Datei: D:\Daten\_Temp\FACT\Fa_Rg_NC_Meurer_DUMOUL_93255_137414_BE 0560964955_DUMOULIN BERNARD_B 4970 STAVELOT_20250513113444040507.pdf
2025-05-14 16:23:44 INFO  Fertig: D:\Daten\_Temp\FACT\Fa_Rg_NC_Meurer_DUMOUL_93255_137414_BE 0560964955_DUMOULIN BERNARD_B 4970 STAVELOT_20250513113444040507.pdf
2025-05-14 16:23:44 INFO  Verarbeite Datei: D:\Daten\_Temp\FACT\Fa_Rg_NC_Meurer_ELECTR_93256_161129_BE 0550976034_ELECTRO-CHASSIS SRL_B 4101 SERAING_20250513113445661109.pdf
2025-05-14 16:23:44 INFO  Fertig: D:\Daten\_Temp\FACT\Fa_Rg_NC_Meurer_ELECTR_93256_161129_BE 0550976034_ELECTRO-CHASSIS SRL_B 4101 SERAING_20250513113445661109.pdf
2025-05-14 16:23:44 INFO  Verarbeite Datei: D:\Daten\_Temp\FACT\Fa_Rg_NC_Meurer_HSA_93257_280019_LU   34516018_HSA MENUISERIE_L 9559 WILTZ_20250513113447329918.pdf
2025-05-14 16:23:44 INFO  Fertig: D:\Daten\_Temp\FACT\Fa_Rg_NC_Meurer_HSA_93257_280019_LU   34516018_HSA MENUISERIE_L 9559 WILTZ_20250513113447329918.pdf
2025-05-14 16:23:44 INFO  Verarbeite Datei: D:\Daten\_Temp\FACT\Fa_Rg_NC_Meurer_JS CON_93258_352816_BE 0765429176_JS CONCEPTION SRL_B 4950 FAYMONVILLE_20250513113448972425.pdf
2025-05-14 16:23:44 INFO  Fertig: D:\Daten\_Temp\FACT\Fa_Rg_NC_Meurer_JS CON_93258_352816_BE 0765429176_JS CONCEPTION SRL_B 4950 FAYMONVILLE_20250513113448972425.pdf
2025-05-14 16:23:44 INFO  Verarbeite Datei: D:\Daten\_Temp\FACT\Fa_Rg_NC_Meurer_WOOD_93248_820461_BE 0899538210_WOOD U ROOF PGMBH_B 4760 BUELLINGEN_20250513113432579878.pdf
2025-05-14 16:23:44 INFO  Fertig: D:\Daten\_Temp\FACT\Fa_Rg_NC_Meurer_WOOD_93248_820461_BE 0899538210_WOOD U ROOF PGMBH_B 4760 BUELLINGEN_20250513113432579878.pdf
2025-05-14 16:23:44 INFO  Verarbeite Datei: D:\Daten\_Temp\FACT\Fa_Rg_NC_Sovem_GENIST_92347_655287_LU   14494048_GENISTA SARL_L 5846 FENTANGE_20250512115434081029.pdf
2025-05-14 16:23:44 INFO  Fertig: D:\Daten\_Temp\FACT\Fa_Rg_NC_Sovem_GENIST_92347_655287_LU   14494048_GENISTA SARL_L 5846 FENTANGE_20250512115434081029.pdf
2025-05-14 16:23:44 INFO  Verarbeite Datei: D:\Daten\_Temp\FACT\Fa_Rg_NC_Sovem_HOMEWO_92348_275080_LU   17454516_HOMEWORX SARL_L 1621 LUXEMBOURG_20250512115435835055.pdf
2025-05-14 16:23:44 INFO  Fertig: D:\Daten\_Temp\FACT\Fa_Rg_NC_Sovem_HOMEWO_92348_275080_LU   17454516_HOMEWORX SARL_L 1621 LUXEMBOURG_20250512115435835055.pdf
2025-05-14 16:23:44 INFO  Verarbeite Datei: D:\Daten\_Temp\FACT\Fa_Rg_NC_Sovem_MIMMO_92349_520829_LU   19820603_MIMMO U ROCCO_L 1899 KOCKELSCHEUER_20250512115437593874.pdf
2025-05-14 16:23:45 INFO  Fertig: D:\Daten\_Temp\FACT\Fa_Rg_NC_Sovem_MIMMO_92349_520829_LU   19820603_MIMMO U ROCCO_L 1899 KOCKELSCHEUER_20250512115437593874.pdf
2025-05-14 16:23:45 INFO  Verarbeite Datei: D:\Daten\_Temp\FACT\Fa_Rg_NC_Sovem_RENOVA_92350_625177_LU   28483636_RENOVATIOUN DOHEEM_L 1899 KOCKELSCHEUER_20250512115439358321.pdf
2025-05-14 16:23:45 INFO  Fertig: D:\Daten\_Temp\FACT\Fa_Rg_NC_Sovem_RENOVA_92350_625177_LU   28483636_RENOVATIOUN DOHEEM_L 1899 KOCKELSCHEUER_20250512115439358321.pdf
2025-05-14 16:23:45 INFO  Verarbeite Datei: D:\Daten\_Temp\FACT\Fa_Rg_NC_Sovem_TEMA P_92351_697360_LU   25478769_TEMA PLUS SARL_L 3321 BERCHEM_20250512115441158208.pdf
2025-05-14 16:23:45 INFO  Fertig: D:\Daten\_Temp\FACT\Fa_Rg_NC_Sovem_TEMA P_92351_697360_LU   25478769_TEMA PLUS SARL_L 3321 BERCHEM_20250512115441158208.pdf
2025-05-14 16:23:45 INFO  Verarbeite Datei: D:\Daten\_Temp\FACT\Fa_Rg_Sovem_VATHER_66522_764932_LU_VATHERM SARL_L 3730 RUMELANGE_20250512115408042737.pdf
2025-05-14 16:23:45 INFO  Fertig: D:\Daten\_Temp\FACT\Fa_Rg_Sovem_VATHER_66522_764932_LU_VATHERM SARL_L 3730 RUMELANGE_20250512115408042737.pdf
2025-05-14 16:23:45 INFO  Verarbeite Datei: D:\Daten\_Temp\FACT\Fa_Rg_Sovem_VATHER_66523_764932_LU_VATHERM SARL_L 3730 RUMELANGE_20250512115409863970.pdf
2025-05-14 16:23:45 INFO  Fertig: D:\Daten\_Temp\FACT\Fa_Rg_Sovem_VATHER_66523_764932_LU_VATHERM SARL_L 3730 RUMELANGE_20250512115409863970.pdf
2025-05-14 16:23:45 INFO  Verarbeite Datei: D:\Daten\_Temp\FACT\Fa_Rg_Sovem_VATHER_66524_764932_LU_VATHERM SARL_L 3730 RUMELANGE_20250512115411669344.pdf
2025-05-14 16:23:45 INFO  Fertig: D:\Daten\_Temp\FACT\Fa_Rg_Sovem_VATHER_66524_764932_LU_VATHERM SARL_L 3730 RUMELANGE_20250512115411669344.pdf
2025-05-14 16:23:45 INFO  Verarbeite Datei: D:\Daten\_Temp\FACT\Fa_Rg_Sovem_VEOLIA_66525_156829_LU   28157871_VEOLIA LUXEMBOURG SA_L 3378 LIVANGE_20250512115414905400.pdf
2025-05-14 16:23:45 INFO  Fertig: D:\Daten\_Temp\FACT\Fa_Rg_Sovem_VEOLIA_66525_156829_LU   28157871_VEOLIA LUXEMBOURG SA_L 3378 LIVANGE_20250512115414905400.pdf
2025-05-14 16:23:45 INFO  Verarbeite Datei: D:\Daten\_Temp\FACT\Fa_Rg_Sovem_WEFA T_66526_806897_LU   31676514_WEFA TEC SARL_L 7738 COLMAR-BERG_20250512115416680128.pdf
2025-05-14 16:23:45 INFO  Fertig: D:\Daten\_Temp\FACT\Fa_Rg_Sovem_WEFA T_66526_806897_LU   31676514_WEFA TEC SARL_L 7738 COLMAR-BERG_20250512115416680128.pdf
2025-05-14 16:23:45 INFO  Verarbeite Datei: D:\Daten\_Temp\FACT\Fa_Rg_Sovem_WEFA T_66527_806897_LU   31676514_WEFA TEC SARL_L 7738 COLMAR-BERG_20250512115418538028.pdf
2025-05-14 16:23:46 INFO  Fertig: D:\Daten\_Temp\FACT\Fa_Rg_Sovem_WEFA T_66527_806897_LU   31676514_WEFA TEC SARL_L 7738 COLMAR-BERG_20250512115418538028.pdf
2025-05-14 16:23:46 INFO  Verarbeite Datei: D:\Daten\_Temp\FACT\Fa_Rg_Sovem_WISAG_66528_543201_LU   15913200_WISAG TECHNICAL SERVICE SARL_L 3895 FOETZ_20250512115420301305.pdf
2025-05-14 16:23:46 INFO  Fertig: D:\Daten\_Temp\FACT\Fa_Rg_Sovem_WISAG_66528_543201_LU   15913200_WISAG TECHNICAL SERVICE SARL_L 3895 FOETZ_20250512115420301305.pdf
2025-05-14 16:23:46 INFO  Verarbeite Datei: D:\Daten\_Temp\FACT\Fa_Rg_Sovem_WISAG_66529_543201_LU   15913200_WISAG TECHNICAL SERVICE SARL_L 3895 FOETZ_20250512115422069148.pdf
2025-05-14 16:23:46 INFO  Fertig: D:\Daten\_Temp\FACT\Fa_Rg_Sovem_WISAG_66529_543201_LU   15913200_WISAG TECHNICAL SERVICE SARL_L 3895 FOETZ_20250512115422069148.pdf
2025-05-14 16:23:46 INFO  Verarbeite Datei: D:\Daten\_Temp\FACT\Fa_Rg_Sovem_WISAG_66530_543201_LU   15913200_WISAG TECHNICAL SERVICE SARL_L 3895 FOETZ_20250512115423950361.pdf
2025-05-14 16:23:46 INFO  Fertig: D:\Daten\_Temp\FACT\Fa_Rg_Sovem_WISAG_66530_543201_LU   15913200_WISAG TECHNICAL SERVICE SARL_L 3895 FOETZ_20250512115423950361.pdf
2025-05-14 16:23:46 INFO  Verarbeite Datei: D:\Daten\_Temp\FACT\Fa_Rg_Sovem_WISAG_66531_543201_LU   15913200_WISAG TECHNICAL SERVICE SARL_L 3895 FOETZ_20250512115425741702.pdf
2025-05-14 16:23:46 INFO  Fertig: D:\Daten\_Temp\FACT\Fa_Rg_Sovem_WISAG_66531_543201_LU   15913200_WISAG TECHNICAL SERVICE SARL_L 3895 FOETZ_20250512115425741702.pdf
