2025-10-02 15:32:15 INFO  Logging konfiguriert: Konsole=WARN+, Datei=INFO+
2025-10-02 15:32:16 INFO  ---- Installierte Provider und ihre KeyStore-Algorithmen ----
2025-10-02 15:32:16 INFO  ** Provider: SUN
2025-10-02 15:32:16 INFO     KeyStore-Algorithmus: JKS
2025-10-02 15:32:16 INFO     KeyStore-Algorithmus: CaseExactJKS
2025-10-02 15:32:16 INFO     KeyStore-Algorithmus: PKCS12
2025-10-02 15:32:16 INFO     KeyStore-Algorithmus: DKS
2025-10-02 15:32:16 INFO  ** Provider: SunRsaSign
2025-10-02 15:32:16 INFO  ** Provider: SunEC
2025-10-02 15:32:16 INFO  ** Provider: SunJSSE
2025-10-02 15:32:16 INFO     KeyStore-Algorithmus: PKCS12
2025-10-02 15:32:16 INFO  ** Provider: SunJCE
2025-10-02 15:32:16 INFO     KeyStore-Algorithmus: JCEKS
2025-10-02 15:32:16 INFO  ** Provider: SunJGSS
2025-10-02 15:32:16 INFO  ** Provider: SunSASL
2025-10-02 15:32:16 INFO  ** Provider: XMLDSig
2025-10-02 15:32:16 INFO  ** Provider: SunPCSC
2025-10-02 15:32:16 INFO  ** Provider: JdkLDAP
2025-10-02 15:32:16 INFO  ** Provider: JdkSASL
2025-10-02 15:32:16 INFO  ** Provider: SunMSCAPI
2025-10-02 15:32:16 INFO     KeyStore-Algorithmus: Windows-ROOT-LOCALMACHINE
2025-10-02 15:32:16 INFO     KeyStore-Algorithmus: Windows-ROOT-CURRENTUSER
2025-10-02 15:32:16 INFO     KeyStore-Algorithmus: Windows-MY
2025-10-02 15:32:16 INFO     KeyStore-Algorithmus: Windows-MY-CURRENTUSER
2025-10-02 15:32:16 INFO     KeyStore-Algorithmus: Windows-MY-LOCALMACHINE
2025-10-02 15:32:16 INFO     KeyStore-Algorithmus: Windows-ROOT
2025-10-02 15:32:16 INFO  ** Provider: SunPKCS11
2025-10-02 15:32:16 INFO  ** Provider: SunPKCS11-USBToken
2025-10-02 15:32:16 INFO  ---------------------------------------------------------------
2025-10-02 15:32:16 ERROR Fehler bei der PKCS#11-Initialisierung
java.security.KeyStoreException: PKCS11 not found
	at java.base/java.security.KeyStore.getInstance(KeyStore.java:871) ~[?:?]
	at pdfsigner.PdfSignerApp.initPKCS11(PdfSignerApp.java:353) ~[main/:?]
	at pdfsigner.PdfSignerApp.main(PdfSignerApp.java:115) [main/:?]
Caused by: java.security.NoSuchAlgorithmException: PKCS11 KeyStore not available
	at java.base/sun.security.jca.GetInstance.getInstance(GetInstance.java:159) ~[?:?]
	at java.base/java.security.Security.getImpl(Security.java:692) ~[?:?]
	at java.base/java.security.KeyStore.getInstance(KeyStore.java:868) ~[?:?]
	... 2 more
