2025-05-19 09:34:49 INFO  Erfolg: Fa_Rg_Menova_BECHOU_2482_442420_BE 0894309316_MENUISERIE BECHOUX JULES SPRL_B 6690 VIELSALM_20250506161436445353.pdf
2025-05-19 09:34:49 INFO  Erfolg: Fa_Rg_Menova_BELGOP_2483_042307_BE 0452626447_BELGOPLAST SPRL_B 4400 FLEMALLE_20250506161439451193.pdf
2025-05-19 09:34:49 INFO  Erfolg: Fa_Rg_Menova_BELMEC_2484_042568_BE 0423181207_BELMECO _ BIGMAT SA_B 1390 GREZ-DOICEAU_20250506161442347196.pdf
2025-05-19 09:34:49 INFO  Erfolg: Fa_Rg_Menova_BMDC_2485_137526_BE 0767665225_BMDC CHASSIS_B 4470 SAINT-GEORGES SUR MEUSE_20250506161445197193.pdf
2025-05-19 09:34:49 INFO  Erfolg: Fa_Rg_Menova_BOLLAN_2486_056526_BE 0831595747_BOLLAND DIDIER U FILS SRL_B 4890 THIMISTER_20250506161448134755.pdf
2025-05-19 09:34:49 INFO  Erfolg: Fa_Rg_Menova_BOULAN_2487_060267_BE 0862298326_MENUISERIE BOULANGER SPRL_B 4820 DISON_20250506161450972489.pdf
2025-05-19 09:34:49 INFO  Erfolg: Fa_Rg_Menova_BRIQUE_2488_711372_BE 0428937562_BRIQUETERIE D_ARLON_B 6700 ARLON_20250506161456791378.pdf
2025-05-19 09:34:49 INFO  Erfolg: Fa_Rg_Menova_BUTZEM_2489_064578_LU_BUTZEMILLEN_L 9085 ETTELBRUCK_20250506161506880132.pdf
2025-05-19 09:34:49 INFO  Erfolg: Fa_Rg_Menova_CAMAC_2490_073236_BE 0715639769_CAMAC SPRL_B 4031 ANGLEUR_20250506161509815196.pdf
2025-05-19 09:34:49 INFO  Erfolg: Fa_Rg_Menova_CAREMI_2491_073156_BE 0402262265_CAREMISO SA _LAMBERMONT__B 4800 ENSIVAL_20250506161512759118.pdf
2025-05-19 09:34:50 INFO  Erfolg: Fa_Rg_Menova_CHINA_2492_082644_BE 0434978088_TOITURES U OSSATURES BOIS_B 6660 NADRIN_20250506161517206840.pdf
2025-05-19 09:34:50 INFO  Erfolg: Fa_Rg_Menova_CHINA_2493_082644_BE 0434978088_TOITURES U OSSATURES BOIS_B 6660 NADRIN_20250506161520095346.pdf
2025-05-19 09:34:50 INFO  Erfolg: Fa_Rg_Menova_CHINA_2494_082644_BE 0434978088_TOITURES U OSSATURES BOIS_B 6660 NADRIN_20250506161523079515.pdf
2025-05-19 09:34:50 INFO  Erfolg: Fa_Rg_Menova_CLOESE_2495_088395_BE 0832506062_CLOESEN JEAN-PIERRE SPRL_B 4342 HOGNOUL_20250506161526161771.pdf
2025-05-19 09:34:50 INFO  Erfolg: Fa_Rg_Menova_COFIBA_2496_093233_BE 0727497525_COFIBAT TOITURES SRL_B 4690 GLONS_20250506161529190502.pdf
2025-05-19 09:34:50 INFO  Erfolg: Fa_Rg_Menova_COLLIG_2497_092663_BE 0404403886_COLLIGNON U FILS SPRL_B 4430 ANS_20250506161532143341.pdf
2025-05-19 09:34:50 INFO  Erfolg: Fa_Rg_Meurer_SOVEM_20154_674869_LU   13039409_SOVEM SARL_L 2453 LUXEMBOURG_20250506171900728269.pdf
2025-05-19 09:34:50 INFO  Erfolg: Fa_Rg_Meurer_SOVEM_20155_674869_LU   13039409_SOVEM SARL_L 2453 LUXEMBOURG_20250506171903626130.pdf
2025-05-19 09:34:50 INFO  Erfolg: Fa_Rg_Meurer_SOVEM_20156_674869_LU   13039409_SOVEM SARL_L 2453 LUXEMBOURG_20250506171906450148.pdf
2025-05-19 09:34:50 INFO  Erfolg: Fa_Rg_Meurer_SOVEM_20157_674869_LU   13039409_SOVEM SARL_L 2453 LUXEMBOURG_20250506171909295764.pdf
2025-05-19 09:34:50 INFO  Erfolg: Fa_Rg_Meurer_SOVEM_20158_674869_LU   13039409_SOVEM SARL_L 2453 LUXEMBOURG_20250506171912099266.pdf
2025-05-19 09:34:50 INFO  Erfolg: Fa_Rg_Meurer_WIESEN_20330_812141_LU   12266422_WIESEN-PIRONT SUCCURSALE_L 9990 WEISWAMPACH_20250506172808232491.pdf
2025-05-19 09:34:50 INFO  Erfolg: Fa_Rg_Meurer_WIESEN_20331_812141_LU   12266422_WIESEN-PIRONT SUCCURSALE_L 9990 WEISWAMPACH_20250506172811207683.pdf
2025-05-19 09:34:50 INFO  Erfolg: Fa_Rg_Meurer_WIESEN_20332_812141_LU   12266422_WIESEN-PIRONT SUCCURSALE_L 9990 WEISWAMPACH_20250506172814312269.pdf
2025-05-19 09:34:50 INFO  Erfolg: Fa_Rg_Meurer_WIESEN_20333_812141_LU   12266422_WIESEN-PIRONT SUCCURSALE_L 9990 WEISWAMPACH_20250506172817147639.pdf
2025-05-19 09:34:50 INFO  Erfolg: Fa_Rg_Meurer_WINCON_20334_812444_BE 0729594111_WINCONCEPT SRL_B 4432 ALLEUR_20250506172820046968.pdf
2025-05-19 09:34:50 INFO  Erfolg: Fa_Rg_Meurer_WINCON_20335_812444_BE 0729594111_WINCONCEPT SRL_B 4432 ALLEUR_20250506172822914252.pdf
2025-05-19 09:34:50 INFO  Erfolg: Fa_Rg_Meurer_WINCON_20336_812444_BE 0729594111_WINCONCEPT SRL_B 4432 ALLEUR_20250506172825804470.pdf
2025-05-19 09:34:50 INFO  Erfolg: Fa_Rg_Meurer_WINCON_20337_812444_BE 0729594111_WINCONCEPT SRL_B 4432 ALLEUR_20250506172831409196.pdf
2025-05-19 09:34:50 INFO  Erfolg: Fa_Rg_Meurer_WINCON_20338_812444_BE 0729594111_WINCONCEPT SRL_B 4432 ALLEUR_20250506172834296942.pdf
2025-05-19 09:34:50 INFO  Erfolg: Fa_Rg_Meurer_WINCON_20339_812444_BE 0729594111_WINCONCEPT SRL_B 4432 ALLEUR_20250506172837196415.pdf
